2021-03-15T18:55:42.8012502+05:30;VSTestExecutionThread;Info;SpecFlow+Runner execution started
2021-03-15T18:55:42.8014081+05:30;VSTestExecutionThread;Info;SpecFlow+Runner 3.6.2 in Framework netcore31 in x64 mode execution started
2021-03-15T18:55:42.8014120+05:30;VSTestExecutionThread;Info;TestAdapter Location: C:\Users\Mayank's PC\Documents\browserstack-examples-specflow\SpecflowBrowserStack\bin\Debug\netcoreapp3.1\TechTalk.SpecRun.VisualStudio.TestAdapter.dll
2021-03-15T18:55:42.8046865+05:30;VSTestExecutionThread;Info;Current UserName: 'Mayank's PC', MachineName: 'DESKTOP-SSA0485'
2021-03-15T18:55:43.0400693+05:30;VSTestExecutionThread;Info;SpecRun: running tests in C:\Users\Mayank's PC\Documents\browserstack-examples-specflow\SpecflowBrowserStack\bin\Debug\netcoreapp3.1\SpecflowBrowserStack.dll
2021-03-15T18:55:43.0403222+05:30;VSTestExecutionThread;Info;Output folder configured to "C:\Users\Mayank's PC\Documents\browserstack-examples-specflow\TestResults" (default)
2021-03-15T18:55:43.0404008+05:30;VSTestExecutionThread;Info;Profile: SpecflowBrowserStack
2021-03-15T18:55:43.1310833+05:30;VSTestExecutionThread;Info;Log file path: C:\Users\Mayank's PC\Documents\browserstack-examples-specflow\TestResults\SpecflowBrowserStack_SpecflowBrowserStack_2021-03-15T185543.log
2021-03-15T18:55:43.1409856+05:30;Thread#14;Info;Checking activation
2021-03-15T18:55:43.1489597+05:30;Thread#14;Info;Activation check completed
2021-03-15T18:55:43.1491990+05:30;Thread#14;Info;Starting test run
2021-03-15T18:55:43.2338007+05:30;Thread#14;Info;Discovering target: 0
2021-03-15T18:55:43.2340826+05:30;Thread#14;Info;Discovering tests from assembly: C:\Users\Mayank's PC\Documents\browserstack-examples-specflow\SpecflowBrowserStack\bin\Debug\netcoreapp3.1\SpecflowBrowserStack.dll
2021-03-15T18:55:43.4803355+05:30;Thread#14;Info;Discovered tests from assembly: C:\Users\Mayank's PC\Documents\browserstack-examples-specflow\SpecflowBrowserStack\bin\Debug\netcoreapp3.1\SpecflowBrowserStack.dll
2021-03-15T18:55:43.4805657+05:30;Thread#14;Info;Discovering target: 1
2021-03-15T18:55:43.4806774+05:30;Thread#14;Info;Discovering tests from assembly: C:\Users\Mayank's PC\Documents\browserstack-examples-specflow\SpecflowBrowserStack\bin\Debug\netcoreapp3.1\SpecflowBrowserStack.dll
2021-03-15T18:55:43.5126928+05:30;Thread#14;Info;Discovered tests from assembly: C:\Users\Mayank's PC\Documents\browserstack-examples-specflow\SpecflowBrowserStack\bin\Debug\netcoreapp3.1\SpecflowBrowserStack.dll
2021-03-15T18:55:43.5129012+05:30;Thread#14;Info;Discovering target: 2
2021-03-15T18:55:43.5130202+05:30;Thread#14;Info;Discovering tests from assembly: C:\Users\Mayank's PC\Documents\browserstack-examples-specflow\SpecflowBrowserStack\bin\Debug\netcoreapp3.1\SpecflowBrowserStack.dll
2021-03-15T18:55:43.5302729+05:30;Thread#14;Info;Discovered tests from assembly: C:\Users\Mayank's PC\Documents\browserstack-examples-specflow\SpecflowBrowserStack\bin\Debug\netcoreapp3.1\SpecflowBrowserStack.dll
2021-03-15T18:55:43.5304458+05:30;Thread#14;Info;Discovering target: 3
2021-03-15T18:55:43.5305252+05:30;Thread#14;Info;Discovering tests from assembly: C:\Users\Mayank's PC\Documents\browserstack-examples-specflow\SpecflowBrowserStack\bin\Debug\netcoreapp3.1\SpecflowBrowserStack.dll
2021-03-15T18:55:43.5479982+05:30;Thread#14;Info;Discovered tests from assembly: C:\Users\Mayank's PC\Documents\browserstack-examples-specflow\SpecflowBrowserStack\bin\Debug\netcoreapp3.1\SpecflowBrowserStack.dll
2021-03-15T18:55:43.5482153+05:30;Thread#14;Info;Discovering target: 4
2021-03-15T18:55:43.5483143+05:30;Thread#14;Info;Discovering tests from assembly: C:\Users\Mayank's PC\Documents\browserstack-examples-specflow\SpecflowBrowserStack\bin\Debug\netcoreapp3.1\SpecflowBrowserStack.dll
2021-03-15T18:55:43.5770595+05:30;Thread#14;Info;Discovered tests from assembly: C:\Users\Mayank's PC\Documents\browserstack-examples-specflow\SpecflowBrowserStack\bin\Debug\netcoreapp3.1\SpecflowBrowserStack.dll
2021-03-15T18:55:43.5772839+05:30;Thread#14;Info;Discovering target: 5
2021-03-15T18:55:43.5773702+05:30;Thread#14;Info;Discovering tests from assembly: C:\Users\Mayank's PC\Documents\browserstack-examples-specflow\SpecflowBrowserStack\bin\Debug\netcoreapp3.1\SpecflowBrowserStack.dll
2021-03-15T18:55:43.5952249+05:30;Thread#14;Info;Discovered tests from assembly: C:\Users\Mayank's PC\Documents\browserstack-examples-specflow\SpecflowBrowserStack\bin\Debug\netcoreapp3.1\SpecflowBrowserStack.dll
2021-03-15T18:55:43.5971455+05:30:Test Suite Dump
2021-03-15T18:55:43.5994287+05:30:#0: SpecflowBrowserStack/SpecflowBrowserStack - 
2021-03-15T18:55:43.5994606+05:30:#1: 0 - 
2021-03-15T18:55:43.5994631+05:30:#18: 1 - 
2021-03-15T18:55:43.5994656+05:30:#35: 2 - 
2021-03-15T18:55:43.5994677+05:30:#52: 3 - 
2021-03-15T18:55:43.5994700+05:30:#69: 4 - 
2021-03-15T18:55:43.5994720+05:30:#86: 5 - 
2021-03-15T18:55:43.5994739+05:30:#2: SpecflowBrowserStack - 
2021-03-15T18:55:43.5994755+05:30:#19: SpecflowBrowserStack - 
2021-03-15T18:55:43.5994778+05:30:#36: SpecflowBrowserStack - 
2021-03-15T18:55:43.5994804+05:30:#53: SpecflowBrowserStack - 
2021-03-15T18:55:43.5994861+05:30:#70: SpecflowBrowserStack - 
2021-03-15T18:55:43.5994882+05:30:#87: SpecflowBrowserStack - 
2021-03-15T18:55:43.5994902+05:30:#23: Product Feature - 
2021-03-15T18:55:43.6019892+05:30:#24: Apply Apple Vendor Filter - Target:1/TestAssembly:SpecflowBrowserStack/Feature:Product+Feature/Scenario:Apply+Apple+Vendor+Filter
2021-03-15T18:55:43.6021970+05:30:End: Test Suite Dump
2021-03-15T18:55:43.6752461+05:30:Thread#0:Scheduler: get next test for thread 0
2021-03-15T18:55:43.6785546+05:30:Thread#:Scheduler: testitem #24 from normal test queue 
2021-03-15T18:55:43.6786907+05:30:Thread#0:Scheduler: considering testitem #24 for thread 0
2021-03-15T18:55:43.6873297+05:30:Thread#0:TestItem#24:testItemMatchesCurrentTestThread:NoMatch
2021-03-15T18:55:43.6873490+05:30:Thread#0:TestItem#24:runsOnOneOtherThreadSpecific:True
2021-03-15T18:55:43.6873518+05:30:Thread#0:TestItem#24:runsOnOneOtherThreadUnspecific:True
2021-03-15T18:55:43.6876591+05:30:Thread#0:TestItem#24:Scheduler: postpoining testitem #24 for thread 0
2021-03-15T18:55:43.6879457+05:30:Thread#:Scheduler: at the end of normal test queue
2021-03-15T18:55:43.6879582+05:30:Thread#0:TestItem#24:Scheduler: nothing left after postpone for thread 0
2021-03-15T18:55:43.6881346+05:30:Thread#0:Scheduler: No more tests for thread
2021-03-15T18:55:43.6881840+05:30:Thread#1:Scheduler: get next test for thread 1
2021-03-15T18:55:43.6882214+05:30:Thread#1:Scheduler: considering testitem #24 for thread 1
2021-03-15T18:55:43.6885221+05:30:Thread#1:TestItem#24:testItemMatchesCurrentTestThread:Specific
2021-03-15T18:55:43.6885346+05:30:Thread#1:TestItem#24:runsOnOneOtherThreadSpecific:False
2021-03-15T18:55:43.6885420+05:30:Thread#1:TestItem#24:runsOnOneOtherThreadUnspecific:True
2021-03-15T18:55:43.6885472+05:30:Thread#1:Scheduler: using testitem #24 for thread 1
2021-03-15T18:55:43.6896604+05:30:Thread#1:Scheduler: Test #24 is scheduled for thread
2021-03-15T18:55:43.6917428+05:30:Thread#1:Scheduler: with testItemExecutionIndex 0
2021-03-15T18:55:43.6917832+05:30:Thread#2:Scheduler: get next test for thread 2
2021-03-15T18:55:43.6917967+05:30:Thread#:Scheduler: at the end of normal test queue
2021-03-15T18:55:43.6917998+05:30:Thread#2:Scheduler: enumerator for thread is at end
2021-03-15T18:55:43.6918025+05:30:Thread#2:Scheduler: No more tests for thread
2021-03-15T18:55:43.6918239+05:30:Thread#3:Scheduler: get next test for thread 3
2021-03-15T18:55:43.6918313+05:30:Thread#:Scheduler: at the end of normal test queue
2021-03-15T18:55:43.6918340+05:30:Thread#3:Scheduler: enumerator for thread is at end
2021-03-15T18:55:43.6918358+05:30:Thread#3:Scheduler: No more tests for thread
2021-03-15T18:55:43.6925757+05:30:Thread#5:Scheduler: get next test for thread 5
2021-03-15T18:55:43.6933885+05:30:Thread#:Scheduler: at the end of normal test queue
2021-03-15T18:55:43.6934192+05:30:Thread#5:Scheduler: enumerator for thread is at end
2021-03-15T18:55:43.6934331+05:30:Thread#5:Scheduler: No more tests for thread
2021-03-15T18:55:43.6935023+05:30:Thread#4:Scheduler: get next test for thread 4
2021-03-15T18:55:43.6935069+05:30:Thread#:Scheduler: at the end of normal test queue
2021-03-15T18:55:43.6935091+05:30:Thread#4:Scheduler: enumerator for thread is at end
2021-03-15T18:55:43.6935107+05:30:Thread#4:Scheduler: No more tests for thread
2021-03-15T18:55:43.6935318+05:30:Thread#6:Scheduler: get next test for thread 6
2021-03-15T18:55:43.6935377+05:30:Thread#:Scheduler: at the end of normal test queue
2021-03-15T18:55:43.6935407+05:30:Thread#6:Scheduler: enumerator for thread is at end
2021-03-15T18:55:43.6935429+05:30:Thread#6:Scheduler: No more tests for thread
2021-03-15T18:55:43.6935905+05:30:Thread#7:Scheduler: get next test for thread 7
2021-03-15T18:55:43.6935948+05:30:Thread#:Scheduler: at the end of normal test queue
2021-03-15T18:55:43.6935970+05:30:Thread#7:Scheduler: enumerator for thread is at end
2021-03-15T18:55:43.6935986+05:30:Thread#7:Scheduler: No more tests for thread
2021-03-15T18:55:43.6936103+05:30:Thread#8:Scheduler: get next test for thread 8
2021-03-15T18:55:43.6936158+05:30:Thread#:Scheduler: at the end of normal test queue
2021-03-15T18:55:43.6936195+05:30:Thread#8:Scheduler: enumerator for thread is at end
2021-03-15T18:55:43.6936215+05:30:Thread#8:Scheduler: No more tests for thread
2021-03-15T18:55:43.6936315+05:30:Thread#9:Scheduler: get next test for thread 9
2021-03-15T18:55:43.6936342+05:30:Thread#:Scheduler: at the end of normal test queue
2021-03-15T18:55:43.6936362+05:30:Thread#9:Scheduler: enumerator for thread is at end
2021-03-15T18:55:43.6936377+05:30:Thread#9:Scheduler: No more tests for thread
2021-03-15T18:55:43.7103863+05:30:Thread #1: creating new test thread executor for SpecflowBrowserStack, Version=1.0.0.0, Culture=neutral, PublicKeyToken=null (target: 1)
2021-03-15T18:55:43.7160023+05:30:Thread #1: Creating test assembly executor for execution model OutProc
2021-03-15T18:55:43.7162700+05:30:Thread #1: Creating test assembly executor for execution model OutProc
2021-03-15T18:55:43.7298572+05:30:Thread #1: using TechTalk.SpecRun.Framework.Execution.OutOfProc.StreamJsonRPC.OutOfProcessTestAssemblyExecutorHost to execute tests
2021-03-15T18:55:43.7317774+05:30:starting Out Of Process Executor
2021-03-15T18:55:43.7443143+05:30:Assembly resolving Microsoft.VisualStudio.Validation, Version=15.3.0.0, Culture=neutral, PublicKeyToken=b03f5f7f11d50a3a
2021-03-15T18:55:43.7483615+05:30:[AssemblyCache] Trying to resolve 'Microsoft.VisualStudio.Validation' from .deps.json file
2021-03-15T18:55:43.7483882+05:30:[AssemblyCache] Could not resolve 'Microsoft.VisualStudio.Validation' from .deps.json
2021-03-15T18:55:43.7501097+05:30:[AssemblyCache] Trying to resolve 'Microsoft.VisualStudio.Validation' in folder 'C:\Users\Mayank's PC\Documents\browserstack-examples-specflow\SpecflowBrowserStack\bin\Debug\netcoreapp3.1'
2021-03-15T18:55:43.7508250+05:30:[AssemblyCache] Trying to resolve 'Microsoft.VisualStudio.Validation' to 'C:\Users\Mayank's PC\Documents\browserstack-examples-specflow\SpecflowBrowserStack\bin\Debug\netcoreapp3.1\Microsoft.VisualStudio.Validation.dll'
2021-03-15T18:55:43.7509897+05:30:[AssemblyCache] Trying to resolve 'Microsoft.VisualStudio.Validation' to 'C:\Users\Mayank's PC\Documents\browserstack-examples-specflow\SpecflowBrowserStack\bin\Debug\netcoreapp3.1\Microsoft.VisualStudio.Validation.exe'
2021-03-15T18:55:43.7510704+05:30:[AssemblyCache] Could not resolve 'Microsoft.VisualStudio.Validation' in folder 'C:\Users\Mayank's PC\Documents\browserstack-examples-specflow\SpecflowBrowserStack\bin\Debug\netcoreapp3.1'
2021-03-15T18:55:43.7516206+05:30:TargetFramework: .NETCoreApp,Version=v3.1
2021-03-15T18:55:43.7521749+05:30:Tfm: netcoreapp3.1
2021-03-15T18:55:43.7521934+05:30:[AssemblyCache] Trying to resolve 'Microsoft.VisualStudio.Validation' in folder 'C:\Users\Mayank's PC\Documents\browserstack-examples-specflow\SpecflowBrowserStack\bin\Debug\netcoreapp3.1\SpecFlowPlusRunner\netcoreapp3.1'
2021-03-15T18:55:43.7521960+05:30:[AssemblyCache] Trying to resolve 'Microsoft.VisualStudio.Validation' to 'C:\Users\Mayank's PC\Documents\browserstack-examples-specflow\SpecflowBrowserStack\bin\Debug\netcoreapp3.1\SpecFlowPlusRunner\netcoreapp3.1\Microsoft.VisualStudio.Validation.dll'
2021-03-15T18:55:43.7523817+05:30:[AssemblyCache] Found file 'C:\Users\Mayank's PC\Documents\browserstack-examples-specflow\SpecflowBrowserStack\bin\Debug\netcoreapp3.1\SpecFlowPlusRunner\netcoreapp3.1\Microsoft.VisualStudio.Validation.dll' for assembly 'Microsoft.VisualStudio.Validation'
2021-03-15T18:55:43.7616241+05:30:[AssemblyCache] Resolved 'Microsoft.VisualStudio.Validation' to C:\Users\Mayank's PC\Documents\browserstack-examples-specflow\SpecflowBrowserStack\bin\Debug\netcoreapp3.1\SpecFlowPlusRunner\netcoreapp3.1\Microsoft.VisualStudio.Validation.dll
2021-03-15T18:55:43.7628498+05:30:Starting callback TCP Rpc server
2021-03-15T18:55:43.8018950+05:30:Asynchronously starting background TCP Rpc Server on port 32768
2021-03-15T18:55:43.8022248+05:30:Started callback TCP Rpc server on port 32768
2021-03-15T18:55:43.8022379+05:30:Starting logger TCP Rpc server
2021-03-15T18:55:43.8063833+05:30:Asynchronously starting background TCP Rpc Server on port 32769
2021-03-15T18:55:43.8064719+05:30:Started logger TCP Rpc server on port 32769
2021-03-15T18:55:43.9447914+05:30;Test Thread #1;Info;Executor full path resolved: C:\Program Files\dotnet\dotnet.exe
2021-03-15T18:55:43.9489536+05:30;Test Thread #1;Info;Starting SpecFlow+ Runner executor process with attached debugger...
2021-03-15T18:55:44.2017514+05:30;Test Thread #1;Info;Successfully started SpecFlow+ Runner executor process
2021-03-15T18:55:44.2109608+05:30:Out of Process Executor 16920 started
2021-03-15T18:55:44.2109848+05:30:Waiting for endpoint
2021-03-15T18:55:44.9815480+05:30:Assembly resolving Microsoft.VisualStudio.Threading, Version=15.3.0.0, Culture=neutral, PublicKeyToken=b03f5f7f11d50a3a
2021-03-15T18:55:44.9816344+05:30:[AssemblyCache] Trying to resolve 'Microsoft.VisualStudio.Threading' from .deps.json file
2021-03-15T18:55:44.9816385+05:30:[AssemblyCache] Could not resolve 'Microsoft.VisualStudio.Threading' from .deps.json
2021-03-15T18:55:44.9816492+05:30:[AssemblyCache] Trying to resolve 'Microsoft.VisualStudio.Threading' in folder 'C:\Users\Mayank's PC\Documents\browserstack-examples-specflow\SpecflowBrowserStack\bin\Debug\netcoreapp3.1'
2021-03-15T18:55:44.9816539+05:30:[AssemblyCache] Trying to resolve 'Microsoft.VisualStudio.Threading' to 'C:\Users\Mayank's PC\Documents\browserstack-examples-specflow\SpecflowBrowserStack\bin\Debug\netcoreapp3.1\Microsoft.VisualStudio.Threading.dll'
2021-03-15T18:55:44.9817603+05:30:[AssemblyCache] Trying to resolve 'Microsoft.VisualStudio.Threading' to 'C:\Users\Mayank's PC\Documents\browserstack-examples-specflow\SpecflowBrowserStack\bin\Debug\netcoreapp3.1\Microsoft.VisualStudio.Threading.exe'
2021-03-15T18:55:44.9818306+05:30:[AssemblyCache] Could not resolve 'Microsoft.VisualStudio.Threading' in folder 'C:\Users\Mayank's PC\Documents\browserstack-examples-specflow\SpecflowBrowserStack\bin\Debug\netcoreapp3.1'
2021-03-15T18:55:44.9818414+05:30:TargetFramework: .NETCoreApp,Version=v3.1
2021-03-15T18:55:44.9819229+05:30:Tfm: netcoreapp3.1
2021-03-15T18:55:44.9819357+05:30:[AssemblyCache] Trying to resolve 'Microsoft.VisualStudio.Threading' in folder 'C:\Users\Mayank's PC\Documents\browserstack-examples-specflow\SpecflowBrowserStack\bin\Debug\netcoreapp3.1\SpecFlowPlusRunner\netcoreapp3.1'
2021-03-15T18:55:44.9819377+05:30:[AssemblyCache] Trying to resolve 'Microsoft.VisualStudio.Threading' to 'C:\Users\Mayank's PC\Documents\browserstack-examples-specflow\SpecflowBrowserStack\bin\Debug\netcoreapp3.1\SpecFlowPlusRunner\netcoreapp3.1\Microsoft.VisualStudio.Threading.dll'
2021-03-15T18:55:44.9820553+05:30:[AssemblyCache] Found file 'C:\Users\Mayank's PC\Documents\browserstack-examples-specflow\SpecflowBrowserStack\bin\Debug\netcoreapp3.1\SpecFlowPlusRunner\netcoreapp3.1\Microsoft.VisualStudio.Threading.dll' for assembly 'Microsoft.VisualStudio.Threading'
2021-03-15T18:55:44.9938526+05:30:[AssemblyCache] Resolved 'Microsoft.VisualStudio.Threading' to C:\Users\Mayank's PC\Documents\browserstack-examples-specflow\SpecflowBrowserStack\bin\Debug\netcoreapp3.1\SpecFlowPlusRunner\netcoreapp3.1\Microsoft.VisualStudio.Threading.dll
2021-03-15T18:55:45.6647829+05:30:Remote executor port received: 32770
2021-03-15T18:55:45.6655262+05:30:Creating executor TCP client on port 32770
2021-03-15T18:55:45.6675470+05:30:Created executor TCP client on port 32770
2021-03-15T18:55:45.6675630+05:30:Connecting to remote executor TCP server
2021-03-15T18:55:45.6703084+05:30:Connected remote executor TCP server
2021-03-15T18:55:45.6707306+05:30:trying to connect to Out of Process Executor the 1 attempt
2021-03-15T18:55:45.6707422+05:30:Connection to Out of Process Executor established in the 1 attempt
2021-03-15T18:55:46.1373041+05:30:2021-03-15T18:55:46.1331021+05:30:OutOfProcessTestAssemblyExecutor: initialized for C:\Users\Mayank's PC\Documents\browserstack-examples-specflow\SpecflowBrowserStack\bin\Debug\netcoreapp3.1\SpecflowBrowserStack.dll on test thread #1
2021-03-15T18:55:46.1472489+05:30:Endpoint 16920 started
2021-03-15T18:55:46.1755345+05:30:2021-03-15T18:55:46.1743733+05:30:OutOfProcessTestAssemblyExecutor: running tests...
2021-03-15T18:55:46.3710420+05:30:2021-03-15T18:55:46.3703294+05:30:Assembly resolving TechTalk.SpecFlow, Version=3.6.0.0, Culture=neutral, PublicKeyToken=0778194805d6db41
2021-03-15T18:55:46.3768011+05:30:2021-03-15T18:55:46.3760598+05:30:[AssemblyCache] Trying to resolve 'TechTalk.SpecFlow' from .deps.json file
2021-03-15T18:55:46.3816389+05:30:2021-03-15T18:55:46.3809108+05:30:[AssemblyCache] Resolved 'TechTalk.SpecFlow' to 'C:\Users\Mayank's PC\.nuget\packages\specflow\3.6.23\lib\netstandard2.0\TechTalk.SpecFlow.dll'
2021-03-15T18:55:46.5860199+05:30:2021-03-15T18:55:46.5842729+05:30:Thread#1:T:-> Loading plugin C:\Users\Mayank's PC\Documents\browserstack-examples-specflow\SpecflowBrowserStack\bin\Debug\netcoreapp3.1\SpecflowBrowserStack.dll
2021-03-15T18:55:46.5907143+05:30:2021-03-15T18:55:46.5884804+05:30:Thread#1:T:-> Missing [assembly:RuntimePlugin] attribute in SpecflowBrowserStack, Version=1.0.0.0, Culture=neutral, PublicKeyToken=null. Please check https://go.specflow.org/doc-plugins for details.
2021-03-15T18:55:46.5992381+05:30:2021-03-15T18:55:46.5922162+05:30:Thread#1:T:-> Loading plugin C:\Users\Mayank's PC\Documents\browserstack-examples-specflow\SpecflowBrowserStack\bin\Debug\netcoreapp3.1\SpecRun.Runtime.SpecFlowPlugin.dll
2021-03-15T18:55:46.6168823+05:30:2021-03-15T18:55:46.6132660+05:30:Assembly resolving TechTalk.SpecFlow, Version=3.6.0.0, Culture=neutral, PublicKeyToken=0778194805d6db41
2021-03-15T18:55:46.6258772+05:30:2021-03-15T18:55:46.6245354+05:30:Thread#1:T:-> Using default config
2021-03-15T18:55:46.6411903+05:30:2021-03-15T18:55:46.6404924+05:30:Assembly resolving Cucumber.Messages, Version=6.0.1.0, Culture=neutral, PublicKeyToken=b10c5988214f940c
2021-03-15T18:55:46.6424348+05:30:2021-03-15T18:55:46.6418452+05:30:[AssemblyCache] Trying to resolve 'Cucumber.Messages' from .deps.json file
2021-03-15T18:55:46.6443597+05:30:2021-03-15T18:55:46.6437615+05:30:[AssemblyCache] Resolved 'Cucumber.Messages' to 'C:\Users\Mayank's PC\.nuget\packages\cucumber.messages\6.0.1\lib\netstandard2.0\Cucumber.Messages.dll'
2021-03-15T18:55:46.6564039+05:30:2021-03-15T18:55:46.6556520+05:30:Assembly resolving Google.Protobuf, Version=3.7.0.0, Culture=neutral, PublicKeyToken=a7d26565bac4d604
2021-03-15T18:55:46.6579987+05:30:2021-03-15T18:55:46.6573180+05:30:[AssemblyCache] Trying to resolve 'Google.Protobuf' from .deps.json file
2021-03-15T18:55:46.6634288+05:30:2021-03-15T18:55:46.6628505+05:30:[AssemblyCache] Resolved 'Google.Protobuf' to 'C:\Users\Mayank's PC\.nuget\packages\google.protobuf\3.7.0\lib\netstandard1.0\Google.Protobuf.dll'
2021-03-15T18:55:46.7081063+05:30:2021-03-15T18:55:46.7073788+05:30:Assembly resolving Microsoft.VisualStudio.TestPlatform.ObjectModel, Version=15.0.0.0, Culture=neutral, PublicKeyToken=b03f5f7f11d50a3a
2021-03-15T18:55:46.7094546+05:30:2021-03-15T18:55:46.7088778+05:30:[AssemblyCache] Trying to resolve 'Microsoft.VisualStudio.TestPlatform.ObjectModel' from .deps.json file
2021-03-15T18:55:46.7113184+05:30:2021-03-15T18:55:46.7106674+05:30:[AssemblyCache] Resolved 'Microsoft.VisualStudio.TestPlatform.ObjectModel' to 'C:\Users\Mayank's PC\.nuget\packages\microsoft.testplatform.objectmodel\16.5.0\lib\netstandard2.0\Microsoft.VisualStudio.TestPlatform.ObjectModel.dll'
2021-03-15T18:55:46.7781089+05:30:2021-03-15T18:55:46.7771267+05:30:Assembly resolving Utf8Json, Version=1.3.7.0, Culture=neutral, PublicKeyToken=8a73d3ba7e392e27
2021-03-15T18:55:46.7792853+05:30:2021-03-15T18:55:46.7787923+05:30:[AssemblyCache] Trying to resolve 'Utf8Json' from .deps.json file
2021-03-15T18:55:46.7807577+05:30:2021-03-15T18:55:46.7801284+05:30:[AssemblyCache] Resolved 'Utf8Json' to 'C:\Users\Mayank's PC\.nuget\packages\utf8json\1.3.7\lib\netstandard2.0\Utf8Json.dll'
2021-03-15T18:55:47.1566317+05:30:Thread#1: Test #24/0 is started on thread #1
2021-03-15T18:55:47.2024039+05:30:2021-03-15T18:55:47.1926221+05:30:Thread#1:B:Given I navigate to website
2021-03-15T18:55:47.2226752+05:30:2021-03-15T18:55:47.2220114+05:30:Assembly resolving Microsoft.Extensions.Configuration.Abstractions, Version=3.1.0.0, Culture=neutral, PublicKeyToken=adb9793829ddae60
2021-03-15T18:55:47.2254154+05:30:2021-03-15T18:55:47.2246607+05:30:[AssemblyCache] Trying to resolve 'Microsoft.Extensions.Configuration.Abstractions' from .deps.json file
2021-03-15T18:55:47.2272661+05:30:2021-03-15T18:55:47.2265952+05:30:[AssemblyCache] Resolved 'Microsoft.Extensions.Configuration.Abstractions' to 'C:\Users\Mayank's PC\.nuget\packages\microsoft.extensions.configuration.abstractions\3.1.0\lib\netcoreapp3.1\Microsoft.Extensions.Configuration.Abstractions.dll'
2021-03-15T18:55:47.2406804+05:30:2021-03-15T18:55:47.2399354+05:30:Assembly resolving WebDriver, Version=3.141.0.0, Culture=neutral, PublicKeyToken=null
2021-03-15T18:55:47.2417994+05:30:2021-03-15T18:55:47.2413347+05:30:[AssemblyCache] Trying to resolve 'WebDriver' from .deps.json file
2021-03-15T18:55:47.2432210+05:30:2021-03-15T18:55:47.2426567+05:30:[AssemblyCache] Resolved 'WebDriver' to 'C:\Users\Mayank's PC\.nuget\packages\selenium.webdriver\3.141.0\lib\netstandard2.0\WebDriver.dll'
2021-03-15T18:55:47.2557273+05:30:2021-03-15T18:55:47.2550181+05:30:Assembly resolving BrowserStackLocal, Version=0.0.0.0, Culture=neutral, PublicKeyToken=null
2021-03-15T18:55:47.2570168+05:30:2021-03-15T18:55:47.2565085+05:30:[AssemblyCache] Trying to resolve 'BrowserStackLocal' from .deps.json file
2021-03-15T18:55:47.2584394+05:30:2021-03-15T18:55:47.2578581+05:30:[AssemblyCache] Resolved 'BrowserStackLocal' to 'C:\Users\Mayank's PC\.nuget\packages\browserstacklocal\2.0.0\lib\netstandard2.0\BrowserStackLocal.dll'
2021-03-15T18:55:47.2728565+05:30:2021-03-15T18:55:47.2721248+05:30:Assembly resolving Microsoft.Extensions.Configuration, Version=3.1.0.0, Culture=neutral, PublicKeyToken=adb9793829ddae60
2021-03-15T18:55:47.2741864+05:30:2021-03-15T18:55:47.2736503+05:30:[AssemblyCache] Trying to resolve 'Microsoft.Extensions.Configuration' from .deps.json file
2021-03-15T18:55:47.2756524+05:30:2021-03-15T18:55:47.2750366+05:30:[AssemblyCache] Resolved 'Microsoft.Extensions.Configuration' to 'C:\Users\Mayank's PC\.nuget\packages\microsoft.extensions.configuration\3.1.0\lib\netcoreapp3.1\Microsoft.Extensions.Configuration.dll'
2021-03-15T18:55:47.2874644+05:30:2021-03-15T18:55:47.2868155+05:30:Assembly resolving Microsoft.Extensions.Configuration.Json, Version=3.1.0.0, Culture=neutral, PublicKeyToken=adb9793829ddae60
2021-03-15T18:55:47.2886483+05:30:2021-03-15T18:55:47.2881604+05:30:[AssemblyCache] Trying to resolve 'Microsoft.Extensions.Configuration.Json' from .deps.json file
2021-03-15T18:55:47.2900992+05:30:2021-03-15T18:55:47.2895149+05:30:[AssemblyCache] Resolved 'Microsoft.Extensions.Configuration.Json' to 'C:\Users\Mayank's PC\.nuget\packages\microsoft.extensions.configuration.json\3.1.0\lib\netcoreapp3.1\Microsoft.Extensions.Configuration.Json.dll'
2021-03-15T18:55:47.3026665+05:30:2021-03-15T18:55:47.3019872+05:30:Assembly resolving Microsoft.Extensions.FileProviders.Abstractions, Version=3.1.0.0, Culture=neutral, PublicKeyToken=adb9793829ddae60
2021-03-15T18:55:47.3037846+05:30:2021-03-15T18:55:47.3032897+05:30:[AssemblyCache] Trying to resolve 'Microsoft.Extensions.FileProviders.Abstractions' from .deps.json file
2021-03-15T18:55:47.3052101+05:30:2021-03-15T18:55:47.3046792+05:30:[AssemblyCache] Resolved 'Microsoft.Extensions.FileProviders.Abstractions' to 'C:\Users\Mayank's PC\.nuget\packages\microsoft.extensions.fileproviders.abstractions\3.1.0\lib\netcoreapp3.1\Microsoft.Extensions.FileProviders.Abstractions.dll'
2021-03-15T18:55:47.3168831+05:30:2021-03-15T18:55:47.3160577+05:30:Assembly resolving Microsoft.Extensions.Configuration.FileExtensions, Version=3.1.0.0, Culture=neutral, PublicKeyToken=adb9793829ddae60
2021-03-15T18:55:47.3183981+05:30:2021-03-15T18:55:47.3177157+05:30:[AssemblyCache] Trying to resolve 'Microsoft.Extensions.Configuration.FileExtensions' from .deps.json file
2021-03-15T18:55:47.3232755+05:30:2021-03-15T18:55:47.3193929+05:30:[AssemblyCache] Resolved 'Microsoft.Extensions.Configuration.FileExtensions' to 'C:\Users\Mayank's PC\.nuget\packages\microsoft.extensions.configuration.fileextensions\3.1.0\lib\netcoreapp3.1\Microsoft.Extensions.Configuration.FileExtensions.dll'
2021-03-15T18:55:47.3368884+05:30:2021-03-15T18:55:47.3362120+05:30:Assembly resolving Microsoft.Extensions.FileProviders.Physical, Version=3.1.0.0, Culture=neutral, PublicKeyToken=adb9793829ddae60
2021-03-15T18:55:47.3380809+05:30:2021-03-15T18:55:47.3375673+05:30:[AssemblyCache] Trying to resolve 'Microsoft.Extensions.FileProviders.Physical' from .deps.json file
2021-03-15T18:55:47.3395617+05:30:2021-03-15T18:55:47.3390265+05:30:[AssemblyCache] Resolved 'Microsoft.Extensions.FileProviders.Physical' to 'C:\Users\Mayank's PC\.nuget\packages\microsoft.extensions.fileproviders.physical\3.1.0\lib\netcoreapp3.1\Microsoft.Extensions.FileProviders.Physical.dll'
2021-03-15T18:55:47.3507194+05:30:2021-03-15T18:55:47.3500561+05:30:Assembly resolving Microsoft.Extensions.Primitives, Version=3.1.0.0, Culture=neutral, PublicKeyToken=adb9793829ddae60
2021-03-15T18:55:47.3521694+05:30:2021-03-15T18:55:47.3515294+05:30:[AssemblyCache] Trying to resolve 'Microsoft.Extensions.Primitives' from .deps.json file
2021-03-15T18:55:47.3536280+05:30:2021-03-15T18:55:47.3531277+05:30:[AssemblyCache] Resolved 'Microsoft.Extensions.Primitives' to 'C:\Users\Mayank's PC\.nuget\packages\microsoft.extensions.primitives\3.1.0\lib\netcoreapp3.1\Microsoft.Extensions.Primitives.dll'
2021-03-15T18:55:52.0331811+05:30:2021-03-15T18:55:52.0306784+05:30:Thread#1:T:System.Exception: Eror while executing BrowserStackLocal start {"state":"disconnected","pid":18928,"message":{"genre":"error","message":"Either another browserstack local client is running on your machine or some server is listening on port 45690","bsErrorCode":1001}}
2021-03-15T18:55:52.0358849+05:30:2021-03-15T18:55:52.0350640+05:30:Thread#1:T:   at BrowserStack.BrowserStackTunnel.<>c__DisplayClass17_0.<RunProcess>b__0(Object s, DataReceivedEventArgs e)
2021-03-15T18:55:52.0380425+05:30:2021-03-15T18:55:52.0373704+05:30:Thread#1:T:   at System.Diagnostics.Process.ErrorReadNotifyUser(String data)
2021-03-15T18:55:52.0391241+05:30:2021-03-15T18:55:52.0386807+05:30:Thread#1:T:   at System.Diagnostics.AsyncStreamReader.FlushMessageQueue(Boolean rethrowInNewThread)
2021-03-15T18:55:52.0402496+05:30:2021-03-15T18:55:52.0396745+05:30:Thread#1:T:--- End of stack trace from previous location where exception was thrown ---
2021-03-15T18:55:52.0416146+05:30:2021-03-15T18:55:52.0409444+05:30:Thread#1:T:   at System.Diagnostics.AsyncStreamReader.<>c.<FlushMessageQueue>b__18_0(Object edi)
2021-03-15T18:55:52.0427807+05:30:2021-03-15T18:55:52.0422995+05:30:Thread#1:T:   at System.Threading.QueueUserWorkItemCallbackDefaultContext.Execute()
2021-03-15T18:55:52.0438652+05:30:2021-03-15T18:55:52.0434158+05:30:Thread#1:T:   at System.Threading.ThreadPoolWorkQueue.Dispatch()
2021-03-15T18:55:52.0448898+05:30:2021-03-15T18:55:52.0444317+05:30:Thread#1:T:   at System.Threading._ThreadPoolWaitCallback.PerformWaitCallback()
2021-03-15T18:55:52.0466987+05:30:2021-03-15T18:55:52.0461476+05:30:Thread#1:T:2021-03-15T18:55:52.0459935+05:30:Unhandled Exception in Executor process: 
2021-03-15T18:55:52.0477296+05:30:2021-03-15T18:55:52.0472545+05:30:Thread#1:T:System.Exception: Eror while executing BrowserStackLocal start {"state":"disconnected","pid":18928,"message":{"genre":"error","message":"Either another browserstack local client is running on your machine or some server is listening on port 45690","bsErrorCode":1001}}
2021-03-15T18:55:52.0488548+05:30:2021-03-15T18:55:52.0483522+05:30:Thread#1:T:   at BrowserStack.BrowserStackTunnel.<>c__DisplayClass17_0.<RunProcess>b__0(Object s, DataReceivedEventArgs e)
2021-03-15T18:55:52.0502525+05:30:2021-03-15T18:55:52.0496477+05:30:Thread#1:T:   at System.Diagnostics.Process.ErrorReadNotifyUser(String data)
2021-03-15T18:55:52.0516429+05:30:2021-03-15T18:55:52.0510145+05:30:Thread#1:T:   at System.Diagnostics.AsyncStreamReader.FlushMessageQueue(Boolean rethrowInNewThread)
2021-03-15T18:55:52.0526963+05:30:2021-03-15T18:55:52.0522202+05:30:Thread#1:T:--- End of stack trace from previous location where exception was thrown ---
2021-03-15T18:55:52.0537410+05:30:2021-03-15T18:55:52.0532791+05:30:Thread#1:T:   at System.Diagnostics.AsyncStreamReader.<>c.<FlushMessageQueue>b__18_0(Object edi)
2021-03-15T18:55:52.0549040+05:30:2021-03-15T18:55:52.0544053+05:30:Thread#1:T:   at System.Threading.QueueUserWorkItemCallbackDefaultContext.Execute()
2021-03-15T18:55:52.0559221+05:30:2021-03-15T18:55:52.0554886+05:30:Thread#1:T:   at System.Threading.ThreadPoolWorkQueue.Dispatch()
2021-03-15T18:55:52.0569690+05:30:2021-03-15T18:55:52.0564681+05:30:Thread#1:T:   at System.Threading._ThreadPoolWaitCallback.PerformWaitCallback()
