2021-03-15T19:11:06.2394082+05:30;VSTestExecutionThread;Info;SpecFlow+Runner execution started
2021-03-15T19:11:06.2396003+05:30;VSTestExecutionThread;Info;SpecFlow+Runner 3.6.2 in Framework netcore31 in x64 mode execution started
2021-03-15T19:11:06.2396045+05:30;VSTestExecutionThread;Info;TestAdapter Location: C:\Users\Mayank's PC\Documents\browserstack-examples-specflow\SpecflowBrowserStack\bin\Debug\netcoreapp3.1\TechTalk.SpecRun.VisualStudio.TestAdapter.dll
2021-03-15T19:11:06.2435920+05:30;VSTestExecutionThread;Info;Current UserName: 'Mayank's PC', MachineName: 'DESKTOP-SSA0485'
2021-03-15T19:11:06.5798845+05:30;VSTestExecutionThread;Info;SpecRun: running tests in C:\Users\Mayank's PC\Documents\browserstack-examples-specflow\SpecflowBrowserStack\bin\Debug\netcoreapp3.1\SpecflowBrowserStack.dll
2021-03-15T19:11:06.5803384+05:30;VSTestExecutionThread;Info;Output folder configured to "C:\Users\Mayank's PC\Documents\browserstack-examples-specflow\TestResults" (default)
2021-03-15T19:11:06.5805496+05:30;VSTestExecutionThread;Info;Profile: SpecflowBrowserStack
2021-03-15T19:11:06.7170376+05:30;VSTestExecutionThread;Info;Log file path: C:\Users\Mayank's PC\Documents\browserstack-examples-specflow\TestResults\SpecflowBrowserStack_SpecflowBrowserStack_2021-03-15T191106.log
2021-03-15T19:11:06.7307861+05:30;Thread#14;Info;Checking activation
2021-03-15T19:11:06.7419401+05:30;Thread#14;Info;Activation check completed
2021-03-15T19:11:06.7422194+05:30;Thread#14;Info;Starting test run
2021-03-15T19:11:06.8585238+05:30;Thread#14;Info;Discovering target: 0
2021-03-15T19:11:06.8588372+05:30;Thread#14;Info;Discovering tests from assembly: C:\Users\Mayank's PC\Documents\browserstack-examples-specflow\SpecflowBrowserStack\bin\Debug\netcoreapp3.1\SpecflowBrowserStack.dll
2021-03-15T19:11:07.0905987+05:30;Thread#14;Info;Discovered tests from assembly: C:\Users\Mayank's PC\Documents\browserstack-examples-specflow\SpecflowBrowserStack\bin\Debug\netcoreapp3.1\SpecflowBrowserStack.dll
2021-03-15T19:11:07.0909193+05:30;Thread#14;Info;Discovering target: 1
2021-03-15T19:11:07.0915661+05:30;Thread#14;Info;Discovering tests from assembly: C:\Users\Mayank's PC\Documents\browserstack-examples-specflow\SpecflowBrowserStack\bin\Debug\netcoreapp3.1\SpecflowBrowserStack.dll
2021-03-15T19:11:07.1319942+05:30;Thread#14;Info;Discovered tests from assembly: C:\Users\Mayank's PC\Documents\browserstack-examples-specflow\SpecflowBrowserStack\bin\Debug\netcoreapp3.1\SpecflowBrowserStack.dll
2021-03-15T19:11:07.1322738+05:30;Thread#14;Info;Discovering target: 2
2021-03-15T19:11:07.1323478+05:30;Thread#14;Info;Discovering tests from assembly: C:\Users\Mayank's PC\Documents\browserstack-examples-specflow\SpecflowBrowserStack\bin\Debug\netcoreapp3.1\SpecflowBrowserStack.dll
2021-03-15T19:11:07.1553723+05:30;Thread#14;Info;Discovered tests from assembly: C:\Users\Mayank's PC\Documents\browserstack-examples-specflow\SpecflowBrowserStack\bin\Debug\netcoreapp3.1\SpecflowBrowserStack.dll
2021-03-15T19:11:07.1555771+05:30;Thread#14;Info;Discovering target: 3
2021-03-15T19:11:07.1556574+05:30;Thread#14;Info;Discovering tests from assembly: C:\Users\Mayank's PC\Documents\browserstack-examples-specflow\SpecflowBrowserStack\bin\Debug\netcoreapp3.1\SpecflowBrowserStack.dll
2021-03-15T19:11:07.1853947+05:30;Thread#14;Info;Discovered tests from assembly: C:\Users\Mayank's PC\Documents\browserstack-examples-specflow\SpecflowBrowserStack\bin\Debug\netcoreapp3.1\SpecflowBrowserStack.dll
2021-03-15T19:11:07.1855944+05:30;Thread#14;Info;Discovering target: 4
2021-03-15T19:11:07.1856835+05:30;Thread#14;Info;Discovering tests from assembly: C:\Users\Mayank's PC\Documents\browserstack-examples-specflow\SpecflowBrowserStack\bin\Debug\netcoreapp3.1\SpecflowBrowserStack.dll
2021-03-15T19:11:07.2168257+05:30;Thread#14;Info;Discovered tests from assembly: C:\Users\Mayank's PC\Documents\browserstack-examples-specflow\SpecflowBrowserStack\bin\Debug\netcoreapp3.1\SpecflowBrowserStack.dll
2021-03-15T19:11:07.2170412+05:30;Thread#14;Info;Discovering target: 5
2021-03-15T19:11:07.2171326+05:30;Thread#14;Info;Discovering tests from assembly: C:\Users\Mayank's PC\Documents\browserstack-examples-specflow\SpecflowBrowserStack\bin\Debug\netcoreapp3.1\SpecflowBrowserStack.dll
2021-03-15T19:11:07.2416027+05:30;Thread#14;Info;Discovered tests from assembly: C:\Users\Mayank's PC\Documents\browserstack-examples-specflow\SpecflowBrowserStack\bin\Debug\netcoreapp3.1\SpecflowBrowserStack.dll
2021-03-15T19:11:07.2444931+05:30:Test Suite Dump
2021-03-15T19:11:07.2470178+05:30:#0: SpecflowBrowserStack/SpecflowBrowserStack - 
2021-03-15T19:11:07.2470522+05:30:#1: 0 - 
2021-03-15T19:11:07.2470548+05:30:#18: 1 - 
2021-03-15T19:11:07.2470573+05:30:#35: 2 - 
2021-03-15T19:11:07.2470595+05:30:#52: 3 - 
2021-03-15T19:11:07.2470622+05:30:#69: 4 - 
2021-03-15T19:11:07.2470642+05:30:#86: 5 - 
2021-03-15T19:11:07.2470660+05:30:#2: SpecflowBrowserStack - 
2021-03-15T19:11:07.2470680+05:30:#19: SpecflowBrowserStack - 
2021-03-15T19:11:07.2470700+05:30:#36: SpecflowBrowserStack - 
2021-03-15T19:11:07.2470728+05:30:#53: SpecflowBrowserStack - 
2021-03-15T19:11:07.2470748+05:30:#70: SpecflowBrowserStack - 
2021-03-15T19:11:07.2470763+05:30:#87: SpecflowBrowserStack - 
2021-03-15T19:11:07.2470779+05:30:#11: Login Feature - 
2021-03-15T19:11:07.2492531+05:30:#14: Login as <username>, 'existing_orders_user' - Target:0/TestAssembly:SpecflowBrowserStack/Feature:Login+Feature/Scenario:Login+as+%3cusername%3e%2c+%27existing_orders_user%27
2021-03-15T19:11:07.2493898+05:30:End: Test Suite Dump
2021-03-15T19:11:07.3114533+05:30:Thread#0:Scheduler: get next test for thread 0
2021-03-15T19:11:07.3330559+05:30:Thread#:Scheduler: testitem #14 from normal test queue 
2021-03-15T19:11:07.3402886+05:30:Thread#0:Scheduler: considering testitem #14 for thread 0
2021-03-15T19:11:07.3529512+05:30:Thread#0:TestItem#14:testItemMatchesCurrentTestThread:Specific
2021-03-15T19:11:07.3529716+05:30:Thread#0:TestItem#14:runsOnOneOtherThreadSpecific:False
2021-03-15T19:11:07.3529758+05:30:Thread#0:TestItem#14:runsOnOneOtherThreadUnspecific:True
2021-03-15T19:11:07.3529812+05:30:Thread#0:Scheduler: using testitem #14 for thread 0
2021-03-15T19:11:07.3540365+05:30:Thread#0:Scheduler: Test #14 is scheduled for thread
2021-03-15T19:11:07.3563533+05:30:Thread#0:Scheduler: with testItemExecutionIndex 0
2021-03-15T19:11:07.3564311+05:30:Thread#1:Scheduler: get next test for thread 1
2021-03-15T19:11:07.3564703+05:30:Thread#:Scheduler: at the end of normal test queue
2021-03-15T19:11:07.3564736+05:30:Thread#1:Scheduler: enumerator for thread is at end
2021-03-15T19:11:07.3564771+05:30:Thread#1:Scheduler: No more tests for thread
2021-03-15T19:11:07.3564937+05:30:Thread#2:Scheduler: get next test for thread 2
2021-03-15T19:11:07.3565008+05:30:Thread#:Scheduler: at the end of normal test queue
2021-03-15T19:11:07.3565040+05:30:Thread#2:Scheduler: enumerator for thread is at end
2021-03-15T19:11:07.3565059+05:30:Thread#2:Scheduler: No more tests for thread
2021-03-15T19:11:07.3565907+05:30:Thread#3:Scheduler: get next test for thread 3
2021-03-15T19:11:07.3566011+05:30:Thread#:Scheduler: at the end of normal test queue
2021-03-15T19:11:07.3566562+05:30:Thread#3:Scheduler: enumerator for thread is at end
2021-03-15T19:11:07.3566590+05:30:Thread#3:Scheduler: No more tests for thread
2021-03-15T19:11:07.3566938+05:30:Thread#4:Scheduler: get next test for thread 4
2021-03-15T19:11:07.3566977+05:30:Thread#:Scheduler: at the end of normal test queue
2021-03-15T19:11:07.3567004+05:30:Thread#4:Scheduler: enumerator for thread is at end
2021-03-15T19:11:07.3567108+05:30:Thread#4:Scheduler: No more tests for thread
2021-03-15T19:11:07.3567320+05:30:Thread#6:Scheduler: get next test for thread 6
2021-03-15T19:11:07.3567367+05:30:Thread#:Scheduler: at the end of normal test queue
2021-03-15T19:11:07.3567391+05:30:Thread#6:Scheduler: enumerator for thread is at end
2021-03-15T19:11:07.3567407+05:30:Thread#6:Scheduler: No more tests for thread
2021-03-15T19:11:07.3570772+05:30:Thread#7:Scheduler: get next test for thread 7
2021-03-15T19:11:07.3570879+05:30:Thread#:Scheduler: at the end of normal test queue
2021-03-15T19:11:07.3570919+05:30:Thread#7:Scheduler: enumerator for thread is at end
2021-03-15T19:11:07.3570938+05:30:Thread#7:Scheduler: No more tests for thread
2021-03-15T19:11:07.3573010+05:30:Thread#8:Scheduler: get next test for thread 8
2021-03-15T19:11:07.3573053+05:30:Thread#:Scheduler: at the end of normal test queue
2021-03-15T19:11:07.3573079+05:30:Thread#8:Scheduler: enumerator for thread is at end
2021-03-15T19:11:07.3573100+05:30:Thread#8:Scheduler: No more tests for thread
2021-03-15T19:11:07.3573222+05:30:Thread#5:Scheduler: get next test for thread 5
2021-03-15T19:11:07.3573252+05:30:Thread#:Scheduler: at the end of normal test queue
2021-03-15T19:11:07.3573271+05:30:Thread#5:Scheduler: enumerator for thread is at end
2021-03-15T19:11:07.3573285+05:30:Thread#5:Scheduler: No more tests for thread
2021-03-15T19:11:07.3573553+05:30:Thread#9:Scheduler: get next test for thread 9
2021-03-15T19:11:07.3573614+05:30:Thread#:Scheduler: at the end of normal test queue
2021-03-15T19:11:07.3573639+05:30:Thread#9:Scheduler: enumerator for thread is at end
2021-03-15T19:11:07.3573656+05:30:Thread#9:Scheduler: No more tests for thread
2021-03-15T19:11:07.3784981+05:30:Thread #0: creating new test thread executor for SpecflowBrowserStack, Version=1.0.0.0, Culture=neutral, PublicKeyToken=null (target: 0)
2021-03-15T19:11:07.3845827+05:30:Thread #0: Creating test assembly executor for execution model OutProc
2021-03-15T19:11:07.3848583+05:30:Thread #0: Creating test assembly executor for execution model OutProc
2021-03-15T19:11:07.3990477+05:30:Thread #0: using TechTalk.SpecRun.Framework.Execution.OutOfProc.StreamJsonRPC.OutOfProcessTestAssemblyExecutorHost to execute tests
2021-03-15T19:11:07.4005310+05:30:starting Out Of Process Executor
2021-03-15T19:11:07.4108071+05:30:Assembly resolving Microsoft.VisualStudio.Validation, Version=15.3.0.0, Culture=neutral, PublicKeyToken=b03f5f7f11d50a3a
2021-03-15T19:11:07.4144437+05:30:[AssemblyCache] Trying to resolve 'Microsoft.VisualStudio.Validation' from .deps.json file
2021-03-15T19:11:07.4144668+05:30:[AssemblyCache] Could not resolve 'Microsoft.VisualStudio.Validation' from .deps.json
2021-03-15T19:11:07.4157972+05:30:[AssemblyCache] Trying to resolve 'Microsoft.VisualStudio.Validation' in folder 'C:\Users\Mayank's PC\Documents\browserstack-examples-specflow\SpecflowBrowserStack\bin\Debug\netcoreapp3.1'
2021-03-15T19:11:07.4162067+05:30:[AssemblyCache] Trying to resolve 'Microsoft.VisualStudio.Validation' to 'C:\Users\Mayank's PC\Documents\browserstack-examples-specflow\SpecflowBrowserStack\bin\Debug\netcoreapp3.1\Microsoft.VisualStudio.Validation.dll'
2021-03-15T19:11:07.4163266+05:30:[AssemblyCache] Trying to resolve 'Microsoft.VisualStudio.Validation' to 'C:\Users\Mayank's PC\Documents\browserstack-examples-specflow\SpecflowBrowserStack\bin\Debug\netcoreapp3.1\Microsoft.VisualStudio.Validation.exe'
2021-03-15T19:11:07.4163823+05:30:[AssemblyCache] Could not resolve 'Microsoft.VisualStudio.Validation' in folder 'C:\Users\Mayank's PC\Documents\browserstack-examples-specflow\SpecflowBrowserStack\bin\Debug\netcoreapp3.1'
2021-03-15T19:11:07.4166923+05:30:TargetFramework: .NETCoreApp,Version=v3.1
2021-03-15T19:11:07.4170002+05:30:Tfm: netcoreapp3.1
2021-03-15T19:11:07.4170099+05:30:[AssemblyCache] Trying to resolve 'Microsoft.VisualStudio.Validation' in folder 'C:\Users\Mayank's PC\Documents\browserstack-examples-specflow\SpecflowBrowserStack\bin\Debug\netcoreapp3.1\SpecFlowPlusRunner\netcoreapp3.1'
2021-03-15T19:11:07.4170120+05:30:[AssemblyCache] Trying to resolve 'Microsoft.VisualStudio.Validation' to 'C:\Users\Mayank's PC\Documents\browserstack-examples-specflow\SpecflowBrowserStack\bin\Debug\netcoreapp3.1\SpecFlowPlusRunner\netcoreapp3.1\Microsoft.VisualStudio.Validation.dll'
2021-03-15T19:11:07.4171700+05:30:[AssemblyCache] Found file 'C:\Users\Mayank's PC\Documents\browserstack-examples-specflow\SpecflowBrowserStack\bin\Debug\netcoreapp3.1\SpecFlowPlusRunner\netcoreapp3.1\Microsoft.VisualStudio.Validation.dll' for assembly 'Microsoft.VisualStudio.Validation'
2021-03-15T19:11:07.4252546+05:30:[AssemblyCache] Resolved 'Microsoft.VisualStudio.Validation' to C:\Users\Mayank's PC\Documents\browserstack-examples-specflow\SpecflowBrowserStack\bin\Debug\netcoreapp3.1\SpecFlowPlusRunner\netcoreapp3.1\Microsoft.VisualStudio.Validation.dll
2021-03-15T19:11:07.4264500+05:30:Starting callback TCP Rpc server
2021-03-15T19:11:07.4621766+05:30:Asynchronously starting background TCP Rpc Server on port 32768
2021-03-15T19:11:07.4623164+05:30:Started callback TCP Rpc server on port 32768
2021-03-15T19:11:07.4623227+05:30:Starting logger TCP Rpc server
2021-03-15T19:11:07.4660955+05:30:Asynchronously starting background TCP Rpc Server on port 32769
2021-03-15T19:11:07.4661686+05:30:Started logger TCP Rpc server on port 32769
2021-03-15T19:11:07.5983266+05:30;Test Thread #0;Info;Executor full path resolved: C:\Program Files\dotnet\dotnet.exe
2021-03-15T19:11:07.6011569+05:30;Test Thread #0;Info;Starting SpecFlow+ Runner executor process with attached debugger...
2021-03-15T19:11:07.6587332+05:30;Test Thread #0;Info;Successfully started SpecFlow+ Runner executor process
2021-03-15T19:11:07.6727987+05:30:Out of Process Executor 2188 started
2021-03-15T19:11:07.6728193+05:30:Waiting for endpoint
2021-03-15T19:11:08.5238205+05:30:Assembly resolving Microsoft.VisualStudio.Threading, Version=15.3.0.0, Culture=neutral, PublicKeyToken=b03f5f7f11d50a3a
2021-03-15T19:11:08.5239428+05:30:[AssemblyCache] Trying to resolve 'Microsoft.VisualStudio.Threading' from .deps.json file
2021-03-15T19:11:08.5239484+05:30:[AssemblyCache] Could not resolve 'Microsoft.VisualStudio.Threading' from .deps.json
2021-03-15T19:11:08.5239603+05:30:[AssemblyCache] Trying to resolve 'Microsoft.VisualStudio.Threading' in folder 'C:\Users\Mayank's PC\Documents\browserstack-examples-specflow\SpecflowBrowserStack\bin\Debug\netcoreapp3.1'
2021-03-15T19:11:08.5239632+05:30:[AssemblyCache] Trying to resolve 'Microsoft.VisualStudio.Threading' to 'C:\Users\Mayank's PC\Documents\browserstack-examples-specflow\SpecflowBrowserStack\bin\Debug\netcoreapp3.1\Microsoft.VisualStudio.Threading.dll'
2021-03-15T19:11:08.5240837+05:30:[AssemblyCache] Trying to resolve 'Microsoft.VisualStudio.Threading' to 'C:\Users\Mayank's PC\Documents\browserstack-examples-specflow\SpecflowBrowserStack\bin\Debug\netcoreapp3.1\Microsoft.VisualStudio.Threading.exe'
2021-03-15T19:11:08.5241608+05:30:[AssemblyCache] Could not resolve 'Microsoft.VisualStudio.Threading' in folder 'C:\Users\Mayank's PC\Documents\browserstack-examples-specflow\SpecflowBrowserStack\bin\Debug\netcoreapp3.1'
2021-03-15T19:11:08.5241717+05:30:TargetFramework: .NETCoreApp,Version=v3.1
2021-03-15T19:11:08.5242632+05:30:Tfm: netcoreapp3.1
2021-03-15T19:11:08.5242835+05:30:[AssemblyCache] Trying to resolve 'Microsoft.VisualStudio.Threading' in folder 'C:\Users\Mayank's PC\Documents\browserstack-examples-specflow\SpecflowBrowserStack\bin\Debug\netcoreapp3.1\SpecFlowPlusRunner\netcoreapp3.1'
2021-03-15T19:11:08.5242862+05:30:[AssemblyCache] Trying to resolve 'Microsoft.VisualStudio.Threading' to 'C:\Users\Mayank's PC\Documents\browserstack-examples-specflow\SpecflowBrowserStack\bin\Debug\netcoreapp3.1\SpecFlowPlusRunner\netcoreapp3.1\Microsoft.VisualStudio.Threading.dll'
2021-03-15T19:11:08.5243945+05:30:[AssemblyCache] Found file 'C:\Users\Mayank's PC\Documents\browserstack-examples-specflow\SpecflowBrowserStack\bin\Debug\netcoreapp3.1\SpecFlowPlusRunner\netcoreapp3.1\Microsoft.VisualStudio.Threading.dll' for assembly 'Microsoft.VisualStudio.Threading'
2021-03-15T19:11:08.5343897+05:30:[AssemblyCache] Resolved 'Microsoft.VisualStudio.Threading' to C:\Users\Mayank's PC\Documents\browserstack-examples-specflow\SpecflowBrowserStack\bin\Debug\netcoreapp3.1\SpecFlowPlusRunner\netcoreapp3.1\Microsoft.VisualStudio.Threading.dll
2021-03-15T19:11:09.1127219+05:30:Remote executor port received: 32770
2021-03-15T19:11:09.1133907+05:30:Creating executor TCP client on port 32770
2021-03-15T19:11:09.1140454+05:30:Created executor TCP client on port 32770
2021-03-15T19:11:09.1140613+05:30:Connecting to remote executor TCP server
2021-03-15T19:11:09.1178844+05:30:Connected remote executor TCP server
2021-03-15T19:11:09.1183118+05:30:trying to connect to Out of Process Executor the 1 attempt
2021-03-15T19:11:09.1183235+05:30:Connection to Out of Process Executor established in the 1 attempt
2021-03-15T19:11:09.4272710+05:30:2021-03-15T19:11:09.4237223+05:30:OutOfProcessTestAssemblyExecutor: initialized for C:\Users\Mayank's PC\Documents\browserstack-examples-specflow\SpecflowBrowserStack\bin\Debug\netcoreapp3.1\SpecflowBrowserStack.dll on test thread #0
2021-03-15T19:11:09.4386034+05:30:Endpoint 2188 started
2021-03-15T19:11:09.4714259+05:30:2021-03-15T19:11:09.4702798+05:30:OutOfProcessTestAssemblyExecutor: running tests...
2021-03-15T19:11:09.6600059+05:30:2021-03-15T19:11:09.6593206+05:30:Assembly resolving TechTalk.SpecFlow, Version=3.6.0.0, Culture=neutral, PublicKeyToken=0778194805d6db41
2021-03-15T19:11:09.6652520+05:30:2021-03-15T19:11:09.6645250+05:30:[AssemblyCache] Trying to resolve 'TechTalk.SpecFlow' from .deps.json file
2021-03-15T19:11:09.6719263+05:30:2021-03-15T19:11:09.6709849+05:30:[AssemblyCache] Resolved 'TechTalk.SpecFlow' to 'C:\Users\Mayank's PC\.nuget\packages\specflow\3.6.23\lib\netstandard2.0\TechTalk.SpecFlow.dll'
2021-03-15T19:11:09.8873070+05:30:2021-03-15T19:11:09.8852052+05:30:Thread#0:T:-> Loading plugin C:\Users\Mayank's PC\Documents\browserstack-examples-specflow\SpecflowBrowserStack\bin\Debug\netcoreapp3.1\SpecflowBrowserStack.dll
2021-03-15T19:11:09.8918410+05:30:2021-03-15T19:11:09.8899149+05:30:Thread#0:T:-> Missing [assembly:RuntimePlugin] attribute in SpecflowBrowserStack, Version=1.0.0.0, Culture=neutral, PublicKeyToken=null. Please check https://go.specflow.org/doc-plugins for details.
2021-03-15T19:11:09.8964651+05:30:2021-03-15T19:11:09.8938943+05:30:Thread#0:T:-> Loading plugin C:\Users\Mayank's PC\Documents\browserstack-examples-specflow\SpecflowBrowserStack\bin\Debug\netcoreapp3.1\SpecRun.Runtime.SpecFlowPlugin.dll
2021-03-15T19:11:09.9117863+05:30:2021-03-15T19:11:09.9098255+05:30:Assembly resolving TechTalk.SpecFlow, Version=3.6.0.0, Culture=neutral, PublicKeyToken=0778194805d6db41
2021-03-15T19:11:09.9221207+05:30:2021-03-15T19:11:09.9208846+05:30:Thread#0:T:-> Using default config
2021-03-15T19:11:09.9388796+05:30:2021-03-15T19:11:09.9379046+05:30:Assembly resolving Cucumber.Messages, Version=6.0.1.0, Culture=neutral, PublicKeyToken=b10c5988214f940c
2021-03-15T19:11:09.9407611+05:30:2021-03-15T19:11:09.9399999+05:30:[AssemblyCache] Trying to resolve 'Cucumber.Messages' from .deps.json file
2021-03-15T19:11:09.9426737+05:30:2021-03-15T19:11:09.9419324+05:30:[AssemblyCache] Resolved 'Cucumber.Messages' to 'C:\Users\Mayank's PC\.nuget\packages\cucumber.messages\6.0.1\lib\netstandard2.0\Cucumber.Messages.dll'
2021-03-15T19:11:09.9552703+05:30:2021-03-15T19:11:09.9545745+05:30:Assembly resolving Google.Protobuf, Version=3.7.0.0, Culture=neutral, PublicKeyToken=a7d26565bac4d604
2021-03-15T19:11:09.9565378+05:30:2021-03-15T19:11:09.9559160+05:30:[AssemblyCache] Trying to resolve 'Google.Protobuf' from .deps.json file
2021-03-15T19:11:09.9583898+05:30:2021-03-15T19:11:09.9575827+05:30:[AssemblyCache] Resolved 'Google.Protobuf' to 'C:\Users\Mayank's PC\.nuget\packages\google.protobuf\3.7.0\lib\netstandard1.0\Google.Protobuf.dll'
2021-03-15T19:11:10.0053026+05:30:2021-03-15T19:11:10.0046089+05:30:Assembly resolving Microsoft.VisualStudio.TestPlatform.ObjectModel, Version=15.0.0.0, Culture=neutral, PublicKeyToken=b03f5f7f11d50a3a
2021-03-15T19:11:10.0064658+05:30:2021-03-15T19:11:10.0059169+05:30:[AssemblyCache] Trying to resolve 'Microsoft.VisualStudio.TestPlatform.ObjectModel' from .deps.json file
2021-03-15T19:11:10.0084302+05:30:2021-03-15T19:11:10.0075991+05:30:[AssemblyCache] Resolved 'Microsoft.VisualStudio.TestPlatform.ObjectModel' to 'C:\Users\Mayank's PC\.nuget\packages\microsoft.testplatform.objectmodel\16.5.0\lib\netstandard2.0\Microsoft.VisualStudio.TestPlatform.ObjectModel.dll'
2021-03-15T19:11:10.0848016+05:30:2021-03-15T19:11:10.0833622+05:30:Assembly resolving Utf8Json, Version=1.3.7.0, Culture=neutral, PublicKeyToken=8a73d3ba7e392e27
2021-03-15T19:11:10.0872613+05:30:2021-03-15T19:11:10.0864980+05:30:[AssemblyCache] Trying to resolve 'Utf8Json' from .deps.json file
2021-03-15T19:11:10.0890337+05:30:2021-03-15T19:11:10.0883809+05:30:[AssemblyCache] Resolved 'Utf8Json' to 'C:\Users\Mayank's PC\.nuget\packages\utf8json\1.3.7\lib\netstandard2.0\Utf8Json.dll'
2021-03-15T19:11:10.4896206+05:30:Thread#0: Test #14/0 is started on thread #0
2021-03-15T19:11:10.5460737+05:30:2021-03-15T19:11:10.5358565+05:30:Thread#0:B:Given I navigate to website
2021-03-15T19:11:10.5739292+05:30:2021-03-15T19:11:10.5732635+05:30:Assembly resolving Microsoft.Extensions.Configuration.Abstractions, Version=3.1.0.0, Culture=neutral, PublicKeyToken=adb9793829ddae60
2021-03-15T19:11:10.5752751+05:30:2021-03-15T19:11:10.5746360+05:30:[AssemblyCache] Trying to resolve 'Microsoft.Extensions.Configuration.Abstractions' from .deps.json file
2021-03-15T19:11:10.5780793+05:30:2021-03-15T19:11:10.5764592+05:30:[AssemblyCache] Resolved 'Microsoft.Extensions.Configuration.Abstractions' to 'C:\Users\Mayank's PC\.nuget\packages\microsoft.extensions.configuration.abstractions\3.1.0\lib\netcoreapp3.1\Microsoft.Extensions.Configuration.Abstractions.dll'
2021-03-15T19:11:10.5935528+05:30:2021-03-15T19:11:10.5927286+05:30:Assembly resolving WebDriver, Version=3.141.0.0, Culture=neutral, PublicKeyToken=null
2021-03-15T19:11:10.5952178+05:30:2021-03-15T19:11:10.5944659+05:30:[AssemblyCache] Trying to resolve 'WebDriver' from .deps.json file
2021-03-15T19:11:10.5970385+05:30:2021-03-15T19:11:10.5964219+05:30:[AssemblyCache] Resolved 'WebDriver' to 'C:\Users\Mayank's PC\.nuget\packages\selenium.webdriver\3.141.0\lib\netstandard2.0\WebDriver.dll'
2021-03-15T19:11:10.6109769+05:30:2021-03-15T19:11:10.6102421+05:30:Assembly resolving BrowserStackLocal, Version=0.0.0.0, Culture=neutral, PublicKeyToken=null
2021-03-15T19:11:10.6160895+05:30:2021-03-15T19:11:10.6154813+05:30:[AssemblyCache] Trying to resolve 'BrowserStackLocal' from .deps.json file
2021-03-15T19:11:10.6177563+05:30:2021-03-15T19:11:10.6170876+05:30:[AssemblyCache] Resolved 'BrowserStackLocal' to 'C:\Users\Mayank's PC\.nuget\packages\browserstacklocal\2.0.0\lib\netstandard2.0\BrowserStackLocal.dll'
2021-03-15T19:11:10.6381062+05:30:2021-03-15T19:11:10.6373674+05:30:Assembly resolving Microsoft.Extensions.Configuration, Version=3.1.0.0, Culture=neutral, PublicKeyToken=adb9793829ddae60
2021-03-15T19:11:10.6395950+05:30:2021-03-15T19:11:10.6388926+05:30:[AssemblyCache] Trying to resolve 'Microsoft.Extensions.Configuration' from .deps.json file
2021-03-15T19:11:10.6471338+05:30:2021-03-15T19:11:10.6409452+05:30:[AssemblyCache] Resolved 'Microsoft.Extensions.Configuration' to 'C:\Users\Mayank's PC\.nuget\packages\microsoft.extensions.configuration\3.1.0\lib\netcoreapp3.1\Microsoft.Extensions.Configuration.dll'
2021-03-15T19:11:10.6799508+05:30:2021-03-15T19:11:10.6792889+05:30:Assembly resolving Microsoft.Extensions.Configuration.Json, Version=3.1.0.0, Culture=neutral, PublicKeyToken=adb9793829ddae60
2021-03-15T19:11:10.6812629+05:30:2021-03-15T19:11:10.6807160+05:30:[AssemblyCache] Trying to resolve 'Microsoft.Extensions.Configuration.Json' from .deps.json file
2021-03-15T19:11:10.6828888+05:30:2021-03-15T19:11:10.6822580+05:30:[AssemblyCache] Resolved 'Microsoft.Extensions.Configuration.Json' to 'C:\Users\Mayank's PC\.nuget\packages\microsoft.extensions.configuration.json\3.1.0\lib\netcoreapp3.1\Microsoft.Extensions.Configuration.Json.dll'
2021-03-15T19:11:10.6981833+05:30:2021-03-15T19:11:10.6971937+05:30:Assembly resolving Microsoft.Extensions.FileProviders.Abstractions, Version=3.1.0.0, Culture=neutral, PublicKeyToken=adb9793829ddae60
2021-03-15T19:11:10.6995763+05:30:2021-03-15T19:11:10.6989907+05:30:[AssemblyCache] Trying to resolve 'Microsoft.Extensions.FileProviders.Abstractions' from .deps.json file
2021-03-15T19:11:10.7012363+05:30:2021-03-15T19:11:10.7005427+05:30:[AssemblyCache] Resolved 'Microsoft.Extensions.FileProviders.Abstractions' to 'C:\Users\Mayank's PC\.nuget\packages\microsoft.extensions.fileproviders.abstractions\3.1.0\lib\netcoreapp3.1\Microsoft.Extensions.FileProviders.Abstractions.dll'
2021-03-15T19:11:10.7143458+05:30:2021-03-15T19:11:10.7135590+05:30:Assembly resolving Microsoft.Extensions.Configuration.FileExtensions, Version=3.1.0.0, Culture=neutral, PublicKeyToken=adb9793829ddae60
2021-03-15T19:11:10.7159095+05:30:2021-03-15T19:11:10.7152519+05:30:[AssemblyCache] Trying to resolve 'Microsoft.Extensions.Configuration.FileExtensions' from .deps.json file
2021-03-15T19:11:10.7175278+05:30:2021-03-15T19:11:10.7168752+05:30:[AssemblyCache] Resolved 'Microsoft.Extensions.Configuration.FileExtensions' to 'C:\Users\Mayank's PC\.nuget\packages\microsoft.extensions.configuration.fileextensions\3.1.0\lib\netcoreapp3.1\Microsoft.Extensions.Configuration.FileExtensions.dll'
2021-03-15T19:11:10.7324576+05:30:2021-03-15T19:11:10.7316551+05:30:Assembly resolving Microsoft.Extensions.FileProviders.Physical, Version=3.1.0.0, Culture=neutral, PublicKeyToken=adb9793829ddae60
2021-03-15T19:11:10.7343985+05:30:2021-03-15T19:11:10.7335646+05:30:[AssemblyCache] Trying to resolve 'Microsoft.Extensions.FileProviders.Physical' from .deps.json file
2021-03-15T19:11:10.7361124+05:30:2021-03-15T19:11:10.7354426+05:30:[AssemblyCache] Resolved 'Microsoft.Extensions.FileProviders.Physical' to 'C:\Users\Mayank's PC\.nuget\packages\microsoft.extensions.fileproviders.physical\3.1.0\lib\netcoreapp3.1\Microsoft.Extensions.FileProviders.Physical.dll'
2021-03-15T19:11:10.7493758+05:30:2021-03-15T19:11:10.7484667+05:30:Assembly resolving Microsoft.Extensions.Primitives, Version=3.1.0.0, Culture=neutral, PublicKeyToken=adb9793829ddae60
2021-03-15T19:11:10.7509492+05:30:2021-03-15T19:11:10.7502951+05:30:[AssemblyCache] Trying to resolve 'Microsoft.Extensions.Primitives' from .deps.json file
2021-03-15T19:11:10.7528100+05:30:2021-03-15T19:11:10.7520524+05:30:[AssemblyCache] Resolved 'Microsoft.Extensions.Primitives' to 'C:\Users\Mayank's PC\.nuget\packages\microsoft.extensions.primitives\3.1.0\lib\netcoreapp3.1\Microsoft.Extensions.Primitives.dll'
2021-03-15T19:11:15.6099456+05:30:2021-03-15T19:11:15.6079293+05:30:Thread#0:T:System.Exception: Eror while executing BrowserStackLocal start {"state":"disconnected","pid":22864,"message":{"genre":"error","message":"Either another browserstack local client is running on your machine or some server is listening on port 45690","bsErrorCode":1001}}
2021-03-15T19:11:15.6125459+05:30:2021-03-15T19:11:15.6115964+05:30:Thread#0:T:   at BrowserStack.BrowserStackTunnel.<>c__DisplayClass17_0.<RunProcess>b__0(Object s, DataReceivedEventArgs e)
2021-03-15T19:11:15.6138115+05:30:2021-03-15T19:11:15.6132193+05:30:Thread#0:T:   at System.Diagnostics.Process.ErrorReadNotifyUser(String data)
2021-03-15T19:11:15.6151849+05:30:2021-03-15T19:11:15.6146319+05:30:Thread#0:T:   at System.Diagnostics.AsyncStreamReader.FlushMessageQueue(Boolean rethrowInNewThread)
2021-03-15T19:11:15.6162883+05:30:2021-03-15T19:11:15.6158201+05:30:Thread#0:T:--- End of stack trace from previous location where exception was thrown ---
2021-03-15T19:11:15.6174509+05:30:2021-03-15T19:11:15.6169263+05:30:Thread#0:T:   at System.Diagnostics.AsyncStreamReader.<>c.<FlushMessageQueue>b__18_0(Object edi)
2021-03-15T19:11:15.6187488+05:30:2021-03-15T19:11:15.6181134+05:30:Thread#0:T:   at System.Threading.QueueUserWorkItemCallbackDefaultContext.Execute()
2021-03-15T19:11:15.6200127+05:30:2021-03-15T19:11:15.6194650+05:30:Thread#0:T:   at System.Threading.ThreadPoolWorkQueue.Dispatch()
2021-03-15T19:11:15.6211962+05:30:2021-03-15T19:11:15.6206567+05:30:Thread#0:T:   at System.Threading._ThreadPoolWaitCallback.PerformWaitCallback()
2021-03-15T19:11:15.6232260+05:30:2021-03-15T19:11:15.6226259+05:30:Thread#0:T:2021-03-15T19:11:15.6224612+05:30:Unhandled Exception in Executor process: 
2021-03-15T19:11:15.6244636+05:30:2021-03-15T19:11:15.6239270+05:30:Thread#0:T:System.Exception: Eror while executing BrowserStackLocal start {"state":"disconnected","pid":22864,"message":{"genre":"error","message":"Either another browserstack local client is running on your machine or some server is listening on port 45690","bsErrorCode":1001}}
2021-03-15T19:11:15.6256292+05:30:2021-03-15T19:11:15.6251203+05:30:Thread#0:T:   at BrowserStack.BrowserStackTunnel.<>c__DisplayClass17_0.<RunProcess>b__0(Object s, DataReceivedEventArgs e)
2021-03-15T19:11:15.6270007+05:30:2021-03-15T19:11:15.6263393+05:30:Thread#0:T:   at System.Diagnostics.Process.ErrorReadNotifyUser(String data)
2021-03-15T19:11:15.6282485+05:30:2021-03-15T19:11:15.6276793+05:30:Thread#0:T:   at System.Diagnostics.AsyncStreamReader.FlushMessageQueue(Boolean rethrowInNewThread)
2021-03-15T19:11:15.6297393+05:30:2021-03-15T19:11:15.6289584+05:30:Thread#0:T:--- End of stack trace from previous location where exception was thrown ---
2021-03-15T19:11:15.6309188+05:30:2021-03-15T19:11:15.6304276+05:30:Thread#0:T:   at System.Diagnostics.AsyncStreamReader.<>c.<FlushMessageQueue>b__18_0(Object edi)
2021-03-15T19:11:15.6321407+05:30:2021-03-15T19:11:15.6316349+05:30:Thread#0:T:   at System.Threading.QueueUserWorkItemCallbackDefaultContext.Execute()
2021-03-15T19:11:15.6334775+05:30:2021-03-15T19:11:15.6329518+05:30:Thread#0:T:   at System.Threading.ThreadPoolWorkQueue.Dispatch()
2021-03-15T19:11:15.6348990+05:30:2021-03-15T19:11:15.6342591+05:30:Thread#0:T:   at System.Threading._ThreadPoolWaitCallback.PerformWaitCallback()
