2021-03-15T19:15:38.7557087+05:30;VSTestExecutionThread;Info;SpecFlow+Runner execution started
2021-03-15T19:15:38.7558817+05:30;VSTestExecutionThread;Info;SpecFlow+Runner 3.6.2 in Framework netcore31 in x64 mode execution started
2021-03-15T19:15:38.7558875+05:30;VSTestExecutionThread;Info;TestAdapter Location: C:\Users\Mayank's PC\Documents\browserstack-examples-specflow\SpecflowBrowserStack\bin\Debug\netcoreapp3.1\TechTalk.SpecRun.VisualStudio.TestAdapter.dll
2021-03-15T19:15:38.7594811+05:30;VSTestExecutionThread;Info;Current UserName: 'Mayank's PC', MachineName: 'DESKTOP-SSA0485'
2021-03-15T19:15:39.0140591+05:30;VSTestExecutionThread;Info;SpecRun: running tests in C:\Users\Mayank's PC\Documents\browserstack-examples-specflow\SpecflowBrowserStack\bin\Debug\netcoreapp3.1\SpecflowBrowserStack.dll
2021-03-15T19:15:39.0144566+05:30;VSTestExecutionThread;Info;Output folder configured to "C:\Users\Mayank's PC\Documents\browserstack-examples-specflow\TestResults" (default)
2021-03-15T19:15:39.0145981+05:30;VSTestExecutionThread;Info;Profile: SpecflowBrowserStack
2021-03-15T19:15:39.1332549+05:30;VSTestExecutionThread;Info;Log file path: C:\Users\Mayank's PC\Documents\browserstack-examples-specflow\TestResults\SpecflowBrowserStack_SpecflowBrowserStack_2021-03-15T191539.log
2021-03-15T19:15:39.1441151+05:30;Thread#14;Info;Checking activation
2021-03-15T19:15:39.1551992+05:30;Thread#14;Info;Activation check completed
2021-03-15T19:15:39.1554479+05:30;Thread#14;Info;Starting test run
2021-03-15T19:15:39.2631877+05:30;Thread#14;Info;Discovering target: 0
2021-03-15T19:15:39.2634379+05:30;Thread#14;Info;Discovering tests from assembly: C:\Users\Mayank's PC\Documents\browserstack-examples-specflow\SpecflowBrowserStack\bin\Debug\netcoreapp3.1\SpecflowBrowserStack.dll
2021-03-15T19:15:39.4912986+05:30;Thread#14;Info;Discovered tests from assembly: C:\Users\Mayank's PC\Documents\browserstack-examples-specflow\SpecflowBrowserStack\bin\Debug\netcoreapp3.1\SpecflowBrowserStack.dll
2021-03-15T19:15:39.4915336+05:30;Thread#14;Info;Discovering target: 1
2021-03-15T19:15:39.4916456+05:30;Thread#14;Info;Discovering tests from assembly: C:\Users\Mayank's PC\Documents\browserstack-examples-specflow\SpecflowBrowserStack\bin\Debug\netcoreapp3.1\SpecflowBrowserStack.dll
2021-03-15T19:15:39.5306450+05:30;Thread#14;Info;Discovered tests from assembly: C:\Users\Mayank's PC\Documents\browserstack-examples-specflow\SpecflowBrowserStack\bin\Debug\netcoreapp3.1\SpecflowBrowserStack.dll
2021-03-15T19:15:39.5309802+05:30;Thread#14;Info;Discovering target: 2
2021-03-15T19:15:39.5311025+05:30;Thread#14;Info;Discovering tests from assembly: C:\Users\Mayank's PC\Documents\browserstack-examples-specflow\SpecflowBrowserStack\bin\Debug\netcoreapp3.1\SpecflowBrowserStack.dll
2021-03-15T19:15:39.5517279+05:30;Thread#14;Info;Discovered tests from assembly: C:\Users\Mayank's PC\Documents\browserstack-examples-specflow\SpecflowBrowserStack\bin\Debug\netcoreapp3.1\SpecflowBrowserStack.dll
2021-03-15T19:15:39.5520771+05:30;Thread#14;Info;Discovering target: 3
2021-03-15T19:15:39.5522641+05:30;Thread#14;Info;Discovering tests from assembly: C:\Users\Mayank's PC\Documents\browserstack-examples-specflow\SpecflowBrowserStack\bin\Debug\netcoreapp3.1\SpecflowBrowserStack.dll
2021-03-15T19:15:39.5737491+05:30;Thread#14;Info;Discovered tests from assembly: C:\Users\Mayank's PC\Documents\browserstack-examples-specflow\SpecflowBrowserStack\bin\Debug\netcoreapp3.1\SpecflowBrowserStack.dll
2021-03-15T19:15:39.5739243+05:30;Thread#14;Info;Discovering target: 4
2021-03-15T19:15:39.5739949+05:30;Thread#14;Info;Discovering tests from assembly: C:\Users\Mayank's PC\Documents\browserstack-examples-specflow\SpecflowBrowserStack\bin\Debug\netcoreapp3.1\SpecflowBrowserStack.dll
2021-03-15T19:15:39.5990406+05:30;Thread#14;Info;Discovered tests from assembly: C:\Users\Mayank's PC\Documents\browserstack-examples-specflow\SpecflowBrowserStack\bin\Debug\netcoreapp3.1\SpecflowBrowserStack.dll
2021-03-15T19:15:39.5992974+05:30;Thread#14;Info;Discovering target: 5
2021-03-15T19:15:39.5994103+05:30;Thread#14;Info;Discovering tests from assembly: C:\Users\Mayank's PC\Documents\browserstack-examples-specflow\SpecflowBrowserStack\bin\Debug\netcoreapp3.1\SpecflowBrowserStack.dll
2021-03-15T19:15:39.6221640+05:30;Thread#14;Info;Discovered tests from assembly: C:\Users\Mayank's PC\Documents\browserstack-examples-specflow\SpecflowBrowserStack\bin\Debug\netcoreapp3.1\SpecflowBrowserStack.dll
2021-03-15T19:15:39.6240346+05:30:Test Suite Dump
2021-03-15T19:15:39.6271092+05:30:#0: SpecflowBrowserStack/SpecflowBrowserStack - 
2021-03-15T19:15:39.6271425+05:30:#1: 0 - 
2021-03-15T19:15:39.6271455+05:30:#18: 1 - 
2021-03-15T19:15:39.6271477+05:30:#35: 2 - 
2021-03-15T19:15:39.6271497+05:30:#52: 3 - 
2021-03-15T19:15:39.6271515+05:30:#69: 4 - 
2021-03-15T19:15:39.6271535+05:30:#86: 5 - 
2021-03-15T19:15:39.6271558+05:30:#2: SpecflowBrowserStack - 
2021-03-15T19:15:39.6271574+05:30:#19: SpecflowBrowserStack - 
2021-03-15T19:15:39.6271592+05:30:#36: SpecflowBrowserStack - 
2021-03-15T19:15:39.6271645+05:30:#53: SpecflowBrowserStack - 
2021-03-15T19:15:39.6271666+05:30:#70: SpecflowBrowserStack - 
2021-03-15T19:15:39.6271686+05:30:#87: SpecflowBrowserStack - 
2021-03-15T19:15:39.6271711+05:30:#67: e2e Feature - 
2021-03-15T19:15:39.6271732+05:30:#84: e2e Feature - 
2021-03-15T19:15:39.6271752+05:30:#101: e2e Feature - 
2021-03-15T19:15:39.6292338+05:30:#68: End to End Scenario - Target:3/TestAssembly:SpecflowBrowserStack/Feature:e2e+Feature/Scenario:End+to+End+Scenario
2021-03-15T19:15:39.6293026+05:30:#85: End to End Scenario - Target:4/TestAssembly:SpecflowBrowserStack/Feature:e2e+Feature/Scenario:End+to+End+Scenario
2021-03-15T19:15:39.6293159+05:30:#102: End to End Scenario - Target:5/TestAssembly:SpecflowBrowserStack/Feature:e2e+Feature/Scenario:End+to+End+Scenario
2021-03-15T19:15:39.6295154+05:30:End: Test Suite Dump
2021-03-15T19:15:39.6978174+05:30:Thread#0:Scheduler: get next test for thread 0
2021-03-15T19:15:39.7010627+05:30:Thread#:Scheduler: testitem #68 from normal test queue 
2021-03-15T19:15:39.7012348+05:30:Thread#0:Scheduler: considering testitem #68 for thread 0
2021-03-15T19:15:39.7111783+05:30:Thread#0:TestItem#68:testItemMatchesCurrentTestThread:NoMatch
2021-03-15T19:15:39.7111954+05:30:Thread#0:TestItem#68:runsOnOneOtherThreadSpecific:True
2021-03-15T19:15:39.7111976+05:30:Thread#0:TestItem#68:runsOnOneOtherThreadUnspecific:True
2021-03-15T19:15:39.7114389+05:30:Thread#0:TestItem#68:Scheduler: postpoining testitem #68 for thread 0
2021-03-15T19:15:39.7116652+05:30:Thread#:Scheduler: testitem #85 from normal test queue 
2021-03-15T19:15:39.7118607+05:30:Thread#0:TestItem#85:testItemMatchesCurrentTestThread:NoMatch
2021-03-15T19:15:39.7118679+05:30:Thread#0:TestItem#85:runsOnOneOtherThreadSpecific:True
2021-03-15T19:15:39.7118697+05:30:Thread#0:TestItem#85:runsOnOneOtherThreadUnspecific:True
2021-03-15T19:15:39.7118722+05:30:Thread#0:TestItem#85:Scheduler: postpoining testitem #85 for thread 0
2021-03-15T19:15:39.7118762+05:30:Thread#:Scheduler: testitem #102 from normal test queue 
2021-03-15T19:15:39.7120556+05:30:Thread#0:TestItem#102:testItemMatchesCurrentTestThread:NoMatch
2021-03-15T19:15:39.7120615+05:30:Thread#0:TestItem#102:runsOnOneOtherThreadSpecific:True
2021-03-15T19:15:39.7120629+05:30:Thread#0:TestItem#102:runsOnOneOtherThreadUnspecific:True
2021-03-15T19:15:39.7120659+05:30:Thread#0:TestItem#102:Scheduler: postpoining testitem #102 for thread 0
2021-03-15T19:15:39.7120797+05:30:Thread#:Scheduler: at the end of normal test queue
2021-03-15T19:15:39.7120820+05:30:Thread#0:TestItem#102:Scheduler: nothing left after postpone for thread 0
2021-03-15T19:15:39.7122723+05:30:Thread#0:Scheduler: No more tests for thread
2021-03-15T19:15:39.7123076+05:30:Thread#1:Scheduler: get next test for thread 1
2021-03-15T19:15:39.7123355+05:30:Thread#1:Scheduler: considering testitem #68 for thread 1
2021-03-15T19:15:39.7125465+05:30:Thread#1:TestItem#68:testItemMatchesCurrentTestThread:NoMatch
2021-03-15T19:15:39.7125556+05:30:Thread#1:TestItem#68:runsOnOneOtherThreadSpecific:True
2021-03-15T19:15:39.7125576+05:30:Thread#1:TestItem#68:runsOnOneOtherThreadUnspecific:True
2021-03-15T19:15:39.7125603+05:30:Thread#1:TestItem#68:Scheduler: postpoining testitem #68 for thread 1
2021-03-15T19:15:39.7127341+05:30:Thread#1:TestItem#85:testItemMatchesCurrentTestThread:NoMatch
2021-03-15T19:15:39.7127431+05:30:Thread#1:TestItem#85:runsOnOneOtherThreadSpecific:True
2021-03-15T19:15:39.7127452+05:30:Thread#1:TestItem#85:runsOnOneOtherThreadUnspecific:True
2021-03-15T19:15:39.7127481+05:30:Thread#1:TestItem#85:Scheduler: postpoining testitem #85 for thread 1
2021-03-15T19:15:39.7129367+05:30:Thread#1:TestItem#102:testItemMatchesCurrentTestThread:NoMatch
2021-03-15T19:15:39.7129448+05:30:Thread#1:TestItem#102:runsOnOneOtherThreadSpecific:True
2021-03-15T19:15:39.7129467+05:30:Thread#1:TestItem#102:runsOnOneOtherThreadUnspecific:True
2021-03-15T19:15:39.7129496+05:30:Thread#1:TestItem#102:Scheduler: postpoining testitem #102 for thread 1
2021-03-15T19:15:39.7129538+05:30:Thread#:Scheduler: at the end of normal test queue
2021-03-15T19:15:39.7129562+05:30:Thread#1:TestItem#102:Scheduler: nothing left after postpone for thread 1
2021-03-15T19:15:39.7129597+05:30:Thread#1:Scheduler: No more tests for thread
2021-03-15T19:15:39.7129787+05:30:Thread#2:Scheduler: get next test for thread 2
2021-03-15T19:15:39.7129872+05:30:Thread#2:Scheduler: considering testitem #68 for thread 2
2021-03-15T19:15:39.7132111+05:30:Thread#2:TestItem#68:testItemMatchesCurrentTestThread:NoMatch
2021-03-15T19:15:39.7132217+05:30:Thread#2:TestItem#68:runsOnOneOtherThreadSpecific:True
2021-03-15T19:15:39.7132254+05:30:Thread#2:TestItem#68:runsOnOneOtherThreadUnspecific:True
2021-03-15T19:15:39.7132288+05:30:Thread#2:TestItem#68:Scheduler: postpoining testitem #68 for thread 2
2021-03-15T19:15:39.7134269+05:30:Thread#2:TestItem#85:testItemMatchesCurrentTestThread:NoMatch
2021-03-15T19:15:39.7134360+05:30:Thread#2:TestItem#85:runsOnOneOtherThreadSpecific:True
2021-03-15T19:15:39.7134384+05:30:Thread#2:TestItem#85:runsOnOneOtherThreadUnspecific:True
2021-03-15T19:15:39.7134631+05:30:Thread#2:TestItem#85:Scheduler: postpoining testitem #85 for thread 2
2021-03-15T19:15:39.7136648+05:30:Thread#2:TestItem#102:testItemMatchesCurrentTestThread:NoMatch
2021-03-15T19:15:39.7136726+05:30:Thread#2:TestItem#102:runsOnOneOtherThreadSpecific:True
2021-03-15T19:15:39.7136748+05:30:Thread#2:TestItem#102:runsOnOneOtherThreadUnspecific:True
2021-03-15T19:15:39.7136776+05:30:Thread#2:TestItem#102:Scheduler: postpoining testitem #102 for thread 2
2021-03-15T19:15:39.7136809+05:30:Thread#:Scheduler: at the end of normal test queue
2021-03-15T19:15:39.7136834+05:30:Thread#2:TestItem#102:Scheduler: nothing left after postpone for thread 2
2021-03-15T19:15:39.7136862+05:30:Thread#2:Scheduler: No more tests for thread
2021-03-15T19:15:39.7137068+05:30:Thread#3:Scheduler: get next test for thread 3
2021-03-15T19:15:39.7137142+05:30:Thread#3:Scheduler: considering testitem #68 for thread 3
2021-03-15T19:15:39.7139135+05:30:Thread#3:TestItem#68:testItemMatchesCurrentTestThread:Specific
2021-03-15T19:15:39.7139205+05:30:Thread#3:TestItem#68:runsOnOneOtherThreadSpecific:False
2021-03-15T19:15:39.7139223+05:30:Thread#3:TestItem#68:runsOnOneOtherThreadUnspecific:True
2021-03-15T19:15:39.7139247+05:30:Thread#3:Scheduler: using testitem #68 for thread 3
2021-03-15T19:15:39.7150022+05:30:Thread#3:Scheduler: Test #68 is scheduled for thread
2021-03-15T19:15:39.7170590+05:30:Thread#3:Scheduler: with testItemExecutionIndex 0
2021-03-15T19:15:39.7170971+05:30:Thread#4:Scheduler: get next test for thread 4
2021-03-15T19:15:39.7171076+05:30:Thread#4:Scheduler: considering testitem #85 for thread 4
2021-03-15T19:15:39.7173259+05:30:Thread#4:TestItem#85:testItemMatchesCurrentTestThread:Specific
2021-03-15T19:15:39.7173336+05:30:Thread#4:TestItem#85:runsOnOneOtherThreadSpecific:False
2021-03-15T19:15:39.7173356+05:30:Thread#4:TestItem#85:runsOnOneOtherThreadUnspecific:True
2021-03-15T19:15:39.7173380+05:30:Thread#4:Scheduler: using testitem #85 for thread 4
2021-03-15T19:15:39.7173565+05:30:Thread#4:Scheduler: Test #85 is scheduled for thread
2021-03-15T19:15:39.7173817+05:30:Thread#4:Scheduler: with testItemExecutionIndex 0
2021-03-15T19:15:39.7173980+05:30:Thread#5:Scheduler: get next test for thread 5
2021-03-15T19:15:39.7174298+05:30:Thread#5:Scheduler: considering testitem #102 for thread 5
2021-03-15T19:15:39.7176123+05:30:Thread#5:TestItem#102:testItemMatchesCurrentTestThread:Specific
2021-03-15T19:15:39.7176212+05:30:Thread#5:TestItem#102:runsOnOneOtherThreadSpecific:False
2021-03-15T19:15:39.7176243+05:30:Thread#5:TestItem#102:runsOnOneOtherThreadUnspecific:True
2021-03-15T19:15:39.7176268+05:30:Thread#5:Scheduler: using testitem #102 for thread 5
2021-03-15T19:15:39.7176422+05:30:Thread#5:Scheduler: Test #102 is scheduled for thread
2021-03-15T19:15:39.7176529+05:30:Thread#5:Scheduler: with testItemExecutionIndex 0
2021-03-15T19:15:39.7176708+05:30:Thread#6:Scheduler: get next test for thread 6
2021-03-15T19:15:39.7176780+05:30:Thread#:Scheduler: at the end of normal test queue
2021-03-15T19:15:39.7176809+05:30:Thread#6:Scheduler: enumerator for thread is at end
2021-03-15T19:15:39.7176829+05:30:Thread#6:Scheduler: No more tests for thread
2021-03-15T19:15:39.7177014+05:30:Thread#7:Scheduler: get next test for thread 7
2021-03-15T19:15:39.7177078+05:30:Thread#:Scheduler: at the end of normal test queue
2021-03-15T19:15:39.7177103+05:30:Thread#7:Scheduler: enumerator for thread is at end
2021-03-15T19:15:39.7177121+05:30:Thread#7:Scheduler: No more tests for thread
2021-03-15T19:15:39.7182778+05:30:Thread#8:Scheduler: get next test for thread 8
2021-03-15T19:15:39.7182915+05:30:Thread#:Scheduler: at the end of normal test queue
2021-03-15T19:15:39.7182954+05:30:Thread#8:Scheduler: enumerator for thread is at end
2021-03-15T19:15:39.7182975+05:30:Thread#8:Scheduler: No more tests for thread
2021-03-15T19:15:39.7193117+05:30:Thread#9:Scheduler: get next test for thread 9
2021-03-15T19:15:39.7193247+05:30:Thread#:Scheduler: at the end of normal test queue
2021-03-15T19:15:39.7193285+05:30:Thread#9:Scheduler: enumerator for thread is at end
2021-03-15T19:15:39.7193314+05:30:Thread#9:Scheduler: No more tests for thread
2021-03-15T19:15:39.7372291+05:30:Thread #5: creating new test thread executor for SpecflowBrowserStack, Version=1.0.0.0, Culture=neutral, PublicKeyToken=null (target: 5)
2021-03-15T19:15:39.7372374+05:30:Thread #4: creating new test thread executor for SpecflowBrowserStack, Version=1.0.0.0, Culture=neutral, PublicKeyToken=null (target: 4)
2021-03-15T19:15:39.7372292+05:30:Thread #3: creating new test thread executor for SpecflowBrowserStack, Version=1.0.0.0, Culture=neutral, PublicKeyToken=null (target: 3)
2021-03-15T19:15:39.7485244+05:30:Thread #4: Creating test assembly executor for execution model OutProc
2021-03-15T19:15:39.7485244+05:30:Thread #5: Creating test assembly executor for execution model OutProc
2021-03-15T19:15:39.7485688+05:30:Thread #3: Creating test assembly executor for execution model OutProc
2021-03-15T19:15:39.7490146+05:30:Thread #4: Creating test assembly executor for execution model OutProc
2021-03-15T19:15:39.7490146+05:30:Thread #5: Creating test assembly executor for execution model OutProc
2021-03-15T19:15:39.7490170+05:30:Thread #3: Creating test assembly executor for execution model OutProc
2021-03-15T19:15:39.7651955+05:30:Thread #5: using TechTalk.SpecRun.Framework.Execution.OutOfProc.StreamJsonRPC.OutOfProcessTestAssemblyExecutorHost to execute tests
2021-03-15T19:15:39.7651955+05:30:Thread #4: using TechTalk.SpecRun.Framework.Execution.OutOfProc.StreamJsonRPC.OutOfProcessTestAssemblyExecutorHost to execute tests
2021-03-15T19:15:39.7651955+05:30:Thread #3: using TechTalk.SpecRun.Framework.Execution.OutOfProc.StreamJsonRPC.OutOfProcessTestAssemblyExecutorHost to execute tests
2021-03-15T19:15:39.7666975+05:30:starting Out Of Process Executor
2021-03-15T19:15:39.7666973+05:30:starting Out Of Process Executor
2021-03-15T19:15:39.7666973+05:30:starting Out Of Process Executor
2021-03-15T19:15:39.7788072+05:30:Assembly resolving Microsoft.VisualStudio.Validation, Version=15.3.0.0, Culture=neutral, PublicKeyToken=b03f5f7f11d50a3a
2021-03-15T19:15:39.7832482+05:30:[AssemblyCache] Trying to resolve 'Microsoft.VisualStudio.Validation' from .deps.json file
2021-03-15T19:15:39.7832781+05:30:[AssemblyCache] Could not resolve 'Microsoft.VisualStudio.Validation' from .deps.json
2021-03-15T19:15:39.7848769+05:30:[AssemblyCache] Trying to resolve 'Microsoft.VisualStudio.Validation' in folder 'C:\Users\Mayank's PC\Documents\browserstack-examples-specflow\SpecflowBrowserStack\bin\Debug\netcoreapp3.1'
2021-03-15T19:15:39.7856491+05:30:[AssemblyCache] Trying to resolve 'Microsoft.VisualStudio.Validation' to 'C:\Users\Mayank's PC\Documents\browserstack-examples-specflow\SpecflowBrowserStack\bin\Debug\netcoreapp3.1\Microsoft.VisualStudio.Validation.dll'
2021-03-15T19:15:39.7858467+05:30:[AssemblyCache] Trying to resolve 'Microsoft.VisualStudio.Validation' to 'C:\Users\Mayank's PC\Documents\browserstack-examples-specflow\SpecflowBrowserStack\bin\Debug\netcoreapp3.1\Microsoft.VisualStudio.Validation.exe'
2021-03-15T19:15:39.7859307+05:30:[AssemblyCache] Could not resolve 'Microsoft.VisualStudio.Validation' in folder 'C:\Users\Mayank's PC\Documents\browserstack-examples-specflow\SpecflowBrowserStack\bin\Debug\netcoreapp3.1'
2021-03-15T19:15:39.7864591+05:30:TargetFramework: .NETCoreApp,Version=v3.1
2021-03-15T19:15:39.7869776+05:30:Tfm: netcoreapp3.1
2021-03-15T19:15:39.7869986+05:30:[AssemblyCache] Trying to resolve 'Microsoft.VisualStudio.Validation' in folder 'C:\Users\Mayank's PC\Documents\browserstack-examples-specflow\SpecflowBrowserStack\bin\Debug\netcoreapp3.1\SpecFlowPlusRunner\netcoreapp3.1'
2021-03-15T19:15:39.7870013+05:30:[AssemblyCache] Trying to resolve 'Microsoft.VisualStudio.Validation' to 'C:\Users\Mayank's PC\Documents\browserstack-examples-specflow\SpecflowBrowserStack\bin\Debug\netcoreapp3.1\SpecFlowPlusRunner\netcoreapp3.1\Microsoft.VisualStudio.Validation.dll'
2021-03-15T19:15:39.7872199+05:30:[AssemblyCache] Found file 'C:\Users\Mayank's PC\Documents\browserstack-examples-specflow\SpecflowBrowserStack\bin\Debug\netcoreapp3.1\SpecFlowPlusRunner\netcoreapp3.1\Microsoft.VisualStudio.Validation.dll' for assembly 'Microsoft.VisualStudio.Validation'
2021-03-15T19:15:39.7954550+05:30:[AssemblyCache] Resolved 'Microsoft.VisualStudio.Validation' to C:\Users\Mayank's PC\Documents\browserstack-examples-specflow\SpecflowBrowserStack\bin\Debug\netcoreapp3.1\SpecFlowPlusRunner\netcoreapp3.1\Microsoft.VisualStudio.Validation.dll
2021-03-15T19:15:39.7966023+05:30:Starting callback TCP Rpc server
2021-03-15T19:15:39.7966023+05:30:Starting callback TCP Rpc server
2021-03-15T19:15:39.7966023+05:30:Starting callback TCP Rpc server
2021-03-15T19:15:39.8344878+05:30:Asynchronously starting background TCP Rpc Server on port 32768
2021-03-15T19:15:39.8346069+05:30:Started callback TCP Rpc server on port 32768
2021-03-15T19:15:39.8346131+05:30:Starting logger TCP Rpc server
2021-03-15T19:15:39.8384210+05:30:Asynchronously starting background TCP Rpc Server on port 32769
2021-03-15T19:15:39.8385151+05:30:Started callback TCP Rpc server on port 32769
2021-03-15T19:15:39.8385175+05:30:Starting logger TCP Rpc server
2021-03-15T19:15:39.8411944+05:30:Asynchronously starting background TCP Rpc Server on port 32770
2021-03-15T19:15:39.8413114+05:30:Started callback TCP Rpc server on port 32770
2021-03-15T19:15:39.8413131+05:30:Starting logger TCP Rpc server
2021-03-15T19:15:39.8440396+05:30:Asynchronously starting background TCP Rpc Server on port 32771
2021-03-15T19:15:39.8441105+05:30:Started logger TCP Rpc server on port 32771
2021-03-15T19:15:39.8471419+05:30:Asynchronously starting background TCP Rpc Server on port 32772
2021-03-15T19:15:39.8472132+05:30:Started logger TCP Rpc server on port 32772
2021-03-15T19:15:39.8611001+05:30:Asynchronously starting background TCP Rpc Server on port 32773
2021-03-15T19:15:39.8611802+05:30:Started logger TCP Rpc server on port 32773
2021-03-15T19:15:39.9844711+05:30;Test Thread #4;Info;Executor full path resolved: C:\Program Files\dotnet\dotnet.exe
2021-03-15T19:15:39.9887663+05:30;Test Thread #4;Info;Starting SpecFlow+ Runner executor process with attached debugger...
2021-03-15T19:15:39.9935326+05:30;Test Thread #3;Info;Executor full path resolved: C:\Program Files\dotnet\dotnet.exe
2021-03-15T19:15:39.9938675+05:30;Test Thread #3;Info;Starting SpecFlow+ Runner executor process with attached debugger...
2021-03-15T19:15:39.9970029+05:30;Test Thread #5;Info;Executor full path resolved: C:\Program Files\dotnet\dotnet.exe
2021-03-15T19:15:39.9972912+05:30;Test Thread #5;Info;Starting SpecFlow+ Runner executor process with attached debugger...
2021-03-15T19:15:40.1231688+05:30;Test Thread #5;Info;Successfully started SpecFlow+ Runner executor process
2021-03-15T19:15:40.1462946+05:30:Out of Process Executor 16600 started
2021-03-15T19:15:40.1463154+05:30:Waiting for endpoint
2021-03-15T19:15:41.2808116+05:30:Assembly resolving Microsoft.VisualStudio.Threading, Version=15.3.0.0, Culture=neutral, PublicKeyToken=b03f5f7f11d50a3a
2021-03-15T19:15:41.2809070+05:30:[AssemblyCache] Trying to resolve 'Microsoft.VisualStudio.Threading' from .deps.json file
2021-03-15T19:15:41.2809108+05:30:[AssemblyCache] Could not resolve 'Microsoft.VisualStudio.Threading' from .deps.json
2021-03-15T19:15:41.2809330+05:30:[AssemblyCache] Trying to resolve 'Microsoft.VisualStudio.Threading' in folder 'C:\Users\Mayank's PC\Documents\browserstack-examples-specflow\SpecflowBrowserStack\bin\Debug\netcoreapp3.1'
2021-03-15T19:15:41.2809358+05:30:[AssemblyCache] Trying to resolve 'Microsoft.VisualStudio.Threading' to 'C:\Users\Mayank's PC\Documents\browserstack-examples-specflow\SpecflowBrowserStack\bin\Debug\netcoreapp3.1\Microsoft.VisualStudio.Threading.dll'
2021-03-15T19:15:41.2810655+05:30:[AssemblyCache] Trying to resolve 'Microsoft.VisualStudio.Threading' to 'C:\Users\Mayank's PC\Documents\browserstack-examples-specflow\SpecflowBrowserStack\bin\Debug\netcoreapp3.1\Microsoft.VisualStudio.Threading.exe'
2021-03-15T19:15:41.2811434+05:30:[AssemblyCache] Could not resolve 'Microsoft.VisualStudio.Threading' in folder 'C:\Users\Mayank's PC\Documents\browserstack-examples-specflow\SpecflowBrowserStack\bin\Debug\netcoreapp3.1'
2021-03-15T19:15:41.2811555+05:30:TargetFramework: .NETCoreApp,Version=v3.1
2021-03-15T19:15:41.2812698+05:30:Tfm: netcoreapp3.1
2021-03-15T19:15:41.2812899+05:30:[AssemblyCache] Trying to resolve 'Microsoft.VisualStudio.Threading' in folder 'C:\Users\Mayank's PC\Documents\browserstack-examples-specflow\SpecflowBrowserStack\bin\Debug\netcoreapp3.1\SpecFlowPlusRunner\netcoreapp3.1'
2021-03-15T19:15:41.2812939+05:30:[AssemblyCache] Trying to resolve 'Microsoft.VisualStudio.Threading' to 'C:\Users\Mayank's PC\Documents\browserstack-examples-specflow\SpecflowBrowserStack\bin\Debug\netcoreapp3.1\SpecFlowPlusRunner\netcoreapp3.1\Microsoft.VisualStudio.Threading.dll'
2021-03-15T19:15:41.2814825+05:30:[AssemblyCache] Found file 'C:\Users\Mayank's PC\Documents\browserstack-examples-specflow\SpecflowBrowserStack\bin\Debug\netcoreapp3.1\SpecFlowPlusRunner\netcoreapp3.1\Microsoft.VisualStudio.Threading.dll' for assembly 'Microsoft.VisualStudio.Threading'
2021-03-15T19:15:41.3019375+05:30:[AssemblyCache] Resolved 'Microsoft.VisualStudio.Threading' to C:\Users\Mayank's PC\Documents\browserstack-examples-specflow\SpecflowBrowserStack\bin\Debug\netcoreapp3.1\SpecFlowPlusRunner\netcoreapp3.1\Microsoft.VisualStudio.Threading.dll
2021-03-15T19:15:41.9646702+05:30:Remote executor port received: 32775
2021-03-15T19:15:41.9646702+05:30:Remote executor port received: 32774
2021-03-15T19:15:41.9652857+05:30:Creating executor TCP client on port 32775
2021-03-15T19:15:41.9652857+05:30:Creating executor TCP client on port 32774
2021-03-15T19:15:41.9659024+05:30:Created executor TCP client on port 32774
2021-03-15T19:15:41.9659024+05:30:Created executor TCP client on port 32775
2021-03-15T19:15:41.9659107+05:30:Connecting to remote executor TCP server
2021-03-15T19:15:41.9659137+05:30:Connecting to remote executor TCP server
2021-03-15T19:15:41.9679339+05:30:Connected remote executor TCP server
2021-03-15T19:15:41.9679339+05:30:Connected remote executor TCP server
2021-03-15T19:15:41.9686032+05:30:trying to connect to Out of Process Executor the 1 attempt
2021-03-15T19:15:41.9686146+05:30:Connection to Out of Process Executor established in the 1 attempt
2021-03-15T19:15:42.1476187+05:30:Remote executor port received: 32776
2021-03-15T19:15:42.1477146+05:30:Creating executor TCP client on port 32776
2021-03-15T19:15:42.1481343+05:30:Created executor TCP client on port 32776
2021-03-15T19:15:42.1482044+05:30:Connecting to remote executor TCP server
2021-03-15T19:15:42.1497086+05:30:Connected remote executor TCP server
2021-03-15T19:15:42.2449670+05:30:2021-03-15T19:15:42.2414344+05:30:OutOfProcessTestAssemblyExecutor: initialized for C:\Users\Mayank's PC\Documents\browserstack-examples-specflow\SpecflowBrowserStack\bin\Debug\netcoreapp3.1\SpecflowBrowserStack.dll on test thread #5
2021-03-15T19:15:42.2602731+05:30:Endpoint 16600 started
2021-03-15T19:15:42.2967144+05:30:2021-03-15T19:15:42.2915867+05:30:OutOfProcessTestAssemblyExecutor: running tests...
2021-03-15T19:15:42.4983844+05:30:2021-03-15T19:15:42.4976817+05:30:Assembly resolving TechTalk.SpecFlow, Version=3.6.0.0, Culture=neutral, PublicKeyToken=0778194805d6db41
2021-03-15T19:15:42.5047111+05:30:2021-03-15T19:15:42.5032307+05:30:[AssemblyCache] Trying to resolve 'TechTalk.SpecFlow' from .deps.json file
2021-03-15T19:15:42.5254903+05:30:2021-03-15T19:15:42.5186032+05:30:[AssemblyCache] Resolved 'TechTalk.SpecFlow' to 'C:\Users\Mayank's PC\.nuget\packages\specflow\3.6.23\lib\netstandard2.0\TechTalk.SpecFlow.dll'
2021-03-15T19:15:42.7414729+05:30:2021-03-15T19:15:42.7398576+05:30:Thread#5:T:-> Loading plugin C:\Users\Mayank's PC\Documents\browserstack-examples-specflow\SpecflowBrowserStack\bin\Debug\netcoreapp3.1\SpecflowBrowserStack.dll
2021-03-15T19:15:42.7451834+05:30:2021-03-15T19:15:42.7439149+05:30:Thread#5:T:-> Missing [assembly:RuntimePlugin] attribute in SpecflowBrowserStack, Version=1.0.0.0, Culture=neutral, PublicKeyToken=null. Please check https://go.specflow.org/doc-plugins for details.
2021-03-15T19:15:42.7478884+05:30:2021-03-15T19:15:42.7465145+05:30:Thread#5:T:-> Loading plugin C:\Users\Mayank's PC\Documents\browserstack-examples-specflow\SpecflowBrowserStack\bin\Debug\netcoreapp3.1\SpecRun.Runtime.SpecFlowPlugin.dll
2021-03-15T19:15:42.7624081+05:30:2021-03-15T19:15:42.7600185+05:30:Assembly resolving TechTalk.SpecFlow, Version=3.6.0.0, Culture=neutral, PublicKeyToken=0778194805d6db41
2021-03-15T19:15:42.7716565+05:30:2021-03-15T19:15:42.7702812+05:30:Thread#5:T:-> Using default config
2021-03-15T19:15:42.7873363+05:30:2021-03-15T19:15:42.7861027+05:30:Assembly resolving Cucumber.Messages, Version=6.0.1.0, Culture=neutral, PublicKeyToken=b10c5988214f940c
2021-03-15T19:15:42.7891997+05:30:2021-03-15T19:15:42.7885651+05:30:[AssemblyCache] Trying to resolve 'Cucumber.Messages' from .deps.json file
2021-03-15T19:15:42.7907660+05:30:2021-03-15T19:15:42.7902017+05:30:[AssemblyCache] Resolved 'Cucumber.Messages' to 'C:\Users\Mayank's PC\.nuget\packages\cucumber.messages\6.0.1\lib\netstandard2.0\Cucumber.Messages.dll'
2021-03-15T19:15:42.8033067+05:30:2021-03-15T19:15:42.8023702+05:30:Assembly resolving Google.Protobuf, Version=3.7.0.0, Culture=neutral, PublicKeyToken=a7d26565bac4d604
2021-03-15T19:15:42.8047665+05:30:2021-03-15T19:15:42.8042072+05:30:[AssemblyCache] Trying to resolve 'Google.Protobuf' from .deps.json file
2021-03-15T19:15:42.8064042+05:30:2021-03-15T19:15:42.8058416+05:30:[AssemblyCache] Resolved 'Google.Protobuf' to 'C:\Users\Mayank's PC\.nuget\packages\google.protobuf\3.7.0\lib\netstandard1.0\Google.Protobuf.dll'
2021-03-15T19:15:42.8527414+05:30:2021-03-15T19:15:42.8519324+05:30:Assembly resolving Microsoft.VisualStudio.TestPlatform.ObjectModel, Version=15.0.0.0, Culture=neutral, PublicKeyToken=b03f5f7f11d50a3a
2021-03-15T19:15:42.8541190+05:30:2021-03-15T19:15:42.8535238+05:30:[AssemblyCache] Trying to resolve 'Microsoft.VisualStudio.TestPlatform.ObjectModel' from .deps.json file
2021-03-15T19:15:42.8558204+05:30:2021-03-15T19:15:42.8552291+05:30:[AssemblyCache] Resolved 'Microsoft.VisualStudio.TestPlatform.ObjectModel' to 'C:\Users\Mayank's PC\.nuget\packages\microsoft.testplatform.objectmodel\16.5.0\lib\netstandard2.0\Microsoft.VisualStudio.TestPlatform.ObjectModel.dll'
2021-03-15T19:15:42.9341610+05:30:2021-03-15T19:15:42.9330955+05:30:Assembly resolving Utf8Json, Version=1.3.7.0, Culture=neutral, PublicKeyToken=8a73d3ba7e392e27
2021-03-15T19:15:42.9405315+05:30:2021-03-15T19:15:42.9398910+05:30:[AssemblyCache] Trying to resolve 'Utf8Json' from .deps.json file
2021-03-15T19:15:42.9421953+05:30:2021-03-15T19:15:42.9415958+05:30:[AssemblyCache] Resolved 'Utf8Json' to 'C:\Users\Mayank's PC\.nuget\packages\utf8json\1.3.7\lib\netstandard2.0\Utf8Json.dll'
2021-03-15T19:15:43.3017433+05:30:Thread#5: Test #102/0 is started on thread #5
2021-03-15T19:15:43.3474121+05:30:2021-03-15T19:15:43.3461362+05:30:Thread#5:B:Given I navigate to website
2021-03-15T19:15:43.3736221+05:30:2021-03-15T19:15:43.3729218+05:30:Assembly resolving Microsoft.Extensions.Configuration.Abstractions, Version=3.1.0.0, Culture=neutral, PublicKeyToken=adb9793829ddae60
2021-03-15T19:15:43.3750882+05:30:2021-03-15T19:15:43.3745584+05:30:[AssemblyCache] Trying to resolve 'Microsoft.Extensions.Configuration.Abstractions' from .deps.json file
2021-03-15T19:15:43.3774986+05:30:2021-03-15T19:15:43.3760206+05:30:[AssemblyCache] Resolved 'Microsoft.Extensions.Configuration.Abstractions' to 'C:\Users\Mayank's PC\.nuget\packages\microsoft.extensions.configuration.abstractions\3.1.0\lib\netcoreapp3.1\Microsoft.Extensions.Configuration.Abstractions.dll'
2021-03-15T19:15:43.3903043+05:30:2021-03-15T19:15:43.3894872+05:30:Assembly resolving WebDriver, Version=3.141.0.0, Culture=neutral, PublicKeyToken=null
2021-03-15T19:15:43.3915693+05:30:2021-03-15T19:15:43.3910131+05:30:[AssemblyCache] Trying to resolve 'WebDriver' from .deps.json file
2021-03-15T19:15:43.3938709+05:30:2021-03-15T19:15:43.3930352+05:30:[AssemblyCache] Resolved 'WebDriver' to 'C:\Users\Mayank's PC\.nuget\packages\selenium.webdriver\3.141.0\lib\netstandard2.0\WebDriver.dll'
2021-03-15T19:15:43.4140089+05:30:2021-03-15T19:15:43.4073319+05:30:Assembly resolving BrowserStackLocal, Version=0.0.0.0, Culture=neutral, PublicKeyToken=null
2021-03-15T19:15:43.4158518+05:30:2021-03-15T19:15:43.4150896+05:30:[AssemblyCache] Trying to resolve 'BrowserStackLocal' from .deps.json file
2021-03-15T19:15:43.4175269+05:30:2021-03-15T19:15:43.4168879+05:30:[AssemblyCache] Resolved 'BrowserStackLocal' to 'C:\Users\Mayank's PC\.nuget\packages\browserstacklocal\2.0.0\lib\netstandard2.0\BrowserStackLocal.dll'
2021-03-15T19:15:43.4469979+05:30:2021-03-15T19:15:43.4398876+05:30:Assembly resolving Microsoft.Extensions.Configuration, Version=3.1.0.0, Culture=neutral, PublicKeyToken=adb9793829ddae60
2021-03-15T19:15:43.4483662+05:30:2021-03-15T19:15:43.4477777+05:30:[AssemblyCache] Trying to resolve 'Microsoft.Extensions.Configuration' from .deps.json file
2021-03-15T19:15:43.4500064+05:30:2021-03-15T19:15:43.4493401+05:30:[AssemblyCache] Resolved 'Microsoft.Extensions.Configuration' to 'C:\Users\Mayank's PC\.nuget\packages\microsoft.extensions.configuration\3.1.0\lib\netcoreapp3.1\Microsoft.Extensions.Configuration.dll'
2021-03-15T19:15:43.4686043+05:30:2021-03-15T19:15:43.4673406+05:30:Assembly resolving Microsoft.Extensions.Configuration.Json, Version=3.1.0.0, Culture=neutral, PublicKeyToken=adb9793829ddae60
2021-03-15T19:15:43.4712162+05:30:2021-03-15T19:15:43.4698452+05:30:[AssemblyCache] Trying to resolve 'Microsoft.Extensions.Configuration.Json' from .deps.json file
2021-03-15T19:15:43.4727970+05:30:2021-03-15T19:15:43.4722812+05:30:[AssemblyCache] Resolved 'Microsoft.Extensions.Configuration.Json' to 'C:\Users\Mayank's PC\.nuget\packages\microsoft.extensions.configuration.json\3.1.0\lib\netcoreapp3.1\Microsoft.Extensions.Configuration.Json.dll'
2021-03-15T19:15:43.4856657+05:30:2021-03-15T19:15:43.4842752+05:30:Assembly resolving Microsoft.Extensions.FileProviders.Abstractions, Version=3.1.0.0, Culture=neutral, PublicKeyToken=adb9793829ddae60
2021-03-15T19:15:43.4872115+05:30:2021-03-15T19:15:43.4865386+05:30:[AssemblyCache] Trying to resolve 'Microsoft.Extensions.FileProviders.Abstractions' from .deps.json file
2021-03-15T19:15:43.4892235+05:30:2021-03-15T19:15:43.4883626+05:30:[AssemblyCache] Resolved 'Microsoft.Extensions.FileProviders.Abstractions' to 'C:\Users\Mayank's PC\.nuget\packages\microsoft.extensions.fileproviders.abstractions\3.1.0\lib\netcoreapp3.1\Microsoft.Extensions.FileProviders.Abstractions.dll'
2021-03-15T19:15:43.5006104+05:30:2021-03-15T19:15:43.4994708+05:30:Assembly resolving Microsoft.Extensions.Configuration.FileExtensions, Version=3.1.0.0, Culture=neutral, PublicKeyToken=adb9793829ddae60
2021-03-15T19:15:43.5022895+05:30:2021-03-15T19:15:43.5015488+05:30:[AssemblyCache] Trying to resolve 'Microsoft.Extensions.Configuration.FileExtensions' from .deps.json file
2021-03-15T19:15:43.5041323+05:30:2021-03-15T19:15:43.5034818+05:30:[AssemblyCache] Resolved 'Microsoft.Extensions.Configuration.FileExtensions' to 'C:\Users\Mayank's PC\.nuget\packages\microsoft.extensions.configuration.fileextensions\3.1.0\lib\netcoreapp3.1\Microsoft.Extensions.Configuration.FileExtensions.dll'
2021-03-15T19:15:43.5175954+05:30:2021-03-15T19:15:43.5168366+05:30:Assembly resolving Microsoft.Extensions.FileProviders.Physical, Version=3.1.0.0, Culture=neutral, PublicKeyToken=adb9793829ddae60
2021-03-15T19:15:43.5196933+05:30:2021-03-15T19:15:43.5188668+05:30:[AssemblyCache] Trying to resolve 'Microsoft.Extensions.FileProviders.Physical' from .deps.json file
2021-03-15T19:15:43.5217521+05:30:2021-03-15T19:15:43.5209995+05:30:[AssemblyCache] Resolved 'Microsoft.Extensions.FileProviders.Physical' to 'C:\Users\Mayank's PC\.nuget\packages\microsoft.extensions.fileproviders.physical\3.1.0\lib\netcoreapp3.1\Microsoft.Extensions.FileProviders.Physical.dll'
2021-03-15T19:15:43.5344582+05:30:2021-03-15T19:15:43.5333923+05:30:Assembly resolving Microsoft.Extensions.Primitives, Version=3.1.0.0, Culture=neutral, PublicKeyToken=adb9793829ddae60
2021-03-15T19:15:43.5361338+05:30:2021-03-15T19:15:43.5352947+05:30:[AssemblyCache] Trying to resolve 'Microsoft.Extensions.Primitives' from .deps.json file
2021-03-15T19:15:43.5379410+05:30:2021-03-15T19:15:43.5372487+05:30:[AssemblyCache] Resolved 'Microsoft.Extensions.Primitives' to 'C:\Users\Mayank's PC\.nuget\packages\microsoft.extensions.primitives\3.1.0\lib\netcoreapp3.1\Microsoft.Extensions.Primitives.dll'
2021-03-15T19:15:48.5901414+05:30:2021-03-15T19:15:48.5879228+05:30:Thread#5:T:System.Exception: Eror while executing BrowserStackLocal start {"state":"disconnected","pid":8292,"message":{"genre":"error","message":"Either another browserstack local client is running on your machine or some server is listening on port 45690","bsErrorCode":1001}}
2021-03-15T19:15:48.5929309+05:30:2021-03-15T19:15:48.5917011+05:30:Thread#5:T:   at BrowserStack.BrowserStackTunnel.<>c__DisplayClass17_0.<RunProcess>b__0(Object s, DataReceivedEventArgs e)
2021-03-15T19:15:48.5946319+05:30:2021-03-15T19:15:48.5940798+05:30:Thread#5:T:   at System.Diagnostics.Process.ErrorReadNotifyUser(String data)
2021-03-15T19:15:48.5956526+05:30:2021-03-15T19:15:48.5951554+05:30:Thread#5:T:   at System.Diagnostics.AsyncStreamReader.FlushMessageQueue(Boolean rethrowInNewThread)
2021-03-15T19:15:48.5967342+05:30:2021-03-15T19:15:48.5961912+05:30:Thread#5:T:--- End of stack trace from previous location where exception was thrown ---
2021-03-15T19:15:48.5978091+05:30:2021-03-15T19:15:48.5972947+05:30:Thread#5:T:   at System.Diagnostics.AsyncStreamReader.<>c.<FlushMessageQueue>b__18_0(Object edi)
2021-03-15T19:15:48.5990323+05:30:2021-03-15T19:15:48.5984555+05:30:Thread#5:T:   at System.Threading.QueueUserWorkItemCallbackDefaultContext.Execute()
2021-03-15T19:15:48.6004146+05:30:2021-03-15T19:15:48.5998607+05:30:Thread#5:T:   at System.Threading.ThreadPoolWorkQueue.Dispatch()
2021-03-15T19:15:48.6019370+05:30:2021-03-15T19:15:48.6012393+05:30:Thread#5:T:   at System.Threading._ThreadPoolWaitCallback.PerformWaitCallback()
2021-03-15T19:15:48.6040121+05:30:2021-03-15T19:15:48.6034210+05:30:Thread#5:T:2021-03-15T19:15:48.6032463+05:30:Unhandled Exception in Executor process: 
2021-03-15T19:15:48.6050398+05:30:2021-03-15T19:15:48.6045294+05:30:Thread#5:T:System.Exception: Eror while executing BrowserStackLocal start {"state":"disconnected","pid":8292,"message":{"genre":"error","message":"Either another browserstack local client is running on your machine or some server is listening on port 45690","bsErrorCode":1001}}
2021-03-15T19:15:48.6059549+05:30:2021-03-15T19:15:48.6054558+05:30:Thread#5:T:   at BrowserStack.BrowserStackTunnel.<>c__DisplayClass17_0.<RunProcess>b__0(Object s, DataReceivedEventArgs e)
2021-03-15T19:15:48.6069319+05:30:2021-03-15T19:15:48.6065138+05:30:Thread#5:T:   at System.Diagnostics.Process.ErrorReadNotifyUser(String data)
2021-03-15T19:15:48.6079542+05:30:2021-03-15T19:15:48.6075012+05:30:Thread#5:T:   at System.Diagnostics.AsyncStreamReader.FlushMessageQueue(Boolean rethrowInNewThread)
2021-03-15T19:15:48.6089598+05:30:2021-03-15T19:15:48.6084946+05:30:Thread#5:T:--- End of stack trace from previous location where exception was thrown ---
2021-03-15T19:15:48.6100380+05:30:2021-03-15T19:15:48.6095320+05:30:Thread#5:T:   at System.Diagnostics.AsyncStreamReader.<>c.<FlushMessageQueue>b__18_0(Object edi)
2021-03-15T19:15:48.6110200+05:30:2021-03-15T19:15:48.6106162+05:30:Thread#5:T:   at System.Threading.QueueUserWorkItemCallbackDefaultContext.Execute()
2021-03-15T19:15:48.6123481+05:30:2021-03-15T19:15:48.6115936+05:30:Thread#5:T:   at System.Threading.ThreadPoolWorkQueue.Dispatch()
2021-03-15T19:15:48.6138521+05:30:2021-03-15T19:15:48.6133407+05:30:Thread#5:T:   at System.Threading._ThreadPoolWaitCallback.PerformWaitCallback()
